[0.063s] DEBUG:colcon:Command line arguments: ['/usr/bin/colcon', 'build', '--symlink-install']
[0.063s] DEBUG:colcon:Parsed command line arguments: Namespace(log_base=None, log_level=None, verb_name='build', build_base='build', install_base='install', merge_install=False, symlink_install=True, test_result_base=None, continue_on_error=False, executor='parallel', parallel_workers=20, event_handlers=None, ignore_user_meta=False, metas=['./colcon.meta'], base_paths=['.'], packages_ignore=None, packages_ignore_regex=None, paths=None, packages_up_to=None, packages_up_to_regex=None, packages_above=None, packages_above_and_dependencies=None, packages_above_depth=None, packages_select_by_dep=None, packages_skip_by_dep=None, packages_skip_up_to=None, packages_select_build_failed=False, packages_skip_build_finished=False, packages_select_test_failures=False, packages_skip_test_passed=False, packages_select=None, packages_skip=None, packages_select_regex=None, packages_skip_regex=None, packages_start=None, packages_end=None, allow_overriding=[], cmake_args=None, cmake_target=None, cmake_target_skip_unavailable=False, cmake_clean_cache=False, cmake_clean_first=False, cmake_force_configure=False, ament_cmake_args=None, catkin_cmake_args=None, catkin_skip_building_tests=False, mixin_files=None, mixin=None, verb_parser=<colcon_mixin.mixin.mixin_argument.MixinArgumentDecorator object at 0x70618138d460>, verb_extension=<colcon_core.verb.build.BuildVerb object at 0x7061813638f0>, main=<bound method BuildVerb.main of <colcon_core.verb.build.BuildVerb object at 0x7061813638f0>>, mixin_verb=('build',))
[0.085s] Level 1:colcon.colcon_core.package_discovery:discover_packages(colcon_meta) check parameters
[0.085s] Level 1:colcon.colcon_core.package_discovery:discover_packages(recursive) check parameters
[0.085s] Level 1:colcon.colcon_core.package_discovery:discover_packages(ignore) check parameters
[0.085s] Level 1:colcon.colcon_core.package_discovery:discover_packages(path) check parameters
[0.085s] Level 1:colcon.colcon_core.package_discovery:discover_packages(colcon_meta) discover
[0.085s] Level 1:colcon.colcon_core.package_discovery:discover_packages(recursive) discover
[0.085s] INFO:colcon.colcon_core.package_discovery:Crawling recursively for packages in '/home/bluelobster/ros2_projects/workspaces/MQP2025-educational-mobile-robot/computer_nodes'
[0.085s] Level 1:colcon.colcon_core.package_identification:_identify(.) by extensions ['ignore', 'ignore_ament_install']
[0.085s] Level 1:colcon.colcon_core.package_identification:_identify(.) by extension 'ignore'
[0.085s] Level 1:colcon.colcon_core.package_identification:_identify(.) by extension 'ignore_ament_install'
[0.085s] Level 1:colcon.colcon_core.package_identification:_identify(.) by extensions ['colcon_pkg']
[0.085s] Level 1:colcon.colcon_core.package_identification:_identify(.) by extension 'colcon_pkg'
[0.085s] Level 1:colcon.colcon_core.package_identification:_identify(.) by extensions ['colcon_meta']
[0.085s] Level 1:colcon.colcon_core.package_identification:_identify(.) by extension 'colcon_meta'
[0.085s] Level 1:colcon.colcon_core.package_identification:_identify(.) by extensions ['ros']
[0.085s] Level 1:colcon.colcon_core.package_identification:_identify(.) by extension 'ros'
[0.111s] Level 1:colcon.colcon_core.package_identification:_identify(.) by extensions ['cmake', 'python']
[0.111s] Level 1:colcon.colcon_core.package_identification:_identify(.) by extension 'cmake'
[0.111s] Level 1:colcon.colcon_core.package_identification:_identify(.) by extension 'python'
[0.111s] Level 1:colcon.colcon_core.package_identification:_identify(.) by extensions ['python_setup_py']
[0.111s] Level 1:colcon.colcon_core.package_identification:_identify(.) by extension 'python_setup_py'
[0.111s] Level 1:colcon.colcon_core.package_identification:_identify(build) by extensions ['ignore', 'ignore_ament_install']
[0.111s] Level 1:colcon.colcon_core.package_identification:_identify(build) by extension 'ignore'
[0.111s] Level 1:colcon.colcon_core.package_identification:_identify(build) ignored
[0.112s] Level 1:colcon.colcon_core.package_identification:_identify(install) by extensions ['ignore', 'ignore_ament_install']
[0.112s] Level 1:colcon.colcon_core.package_identification:_identify(install) by extension 'ignore'
[0.112s] Level 1:colcon.colcon_core.package_identification:_identify(install) ignored
[0.112s] Level 1:colcon.colcon_core.package_identification:_identify(log) by extensions ['ignore', 'ignore_ament_install']
[0.112s] Level 1:colcon.colcon_core.package_identification:_identify(log) by extension 'ignore'
[0.112s] Level 1:colcon.colcon_core.package_identification:_identify(log) ignored
[0.112s] Level 1:colcon.colcon_core.package_identification:_identify(src) by extensions ['ignore', 'ignore_ament_install']
[0.112s] Level 1:colcon.colcon_core.package_identification:_identify(src) by extension 'ignore'
[0.112s] Level 1:colcon.colcon_core.package_identification:_identify(src) by extension 'ignore_ament_install'
[0.112s] Level 1:colcon.colcon_core.package_identification:_identify(src) by extensions ['colcon_pkg']
[0.112s] Level 1:colcon.colcon_core.package_identification:_identify(src) by extension 'colcon_pkg'
[0.112s] Level 1:colcon.colcon_core.package_identification:_identify(src) by extensions ['colcon_meta']
[0.112s] Level 1:colcon.colcon_core.package_identification:_identify(src) by extension 'colcon_meta'
[0.112s] Level 1:colcon.colcon_core.package_identification:_identify(src) by extensions ['ros']
[0.112s] Level 1:colcon.colcon_core.package_identification:_identify(src) by extension 'ros'
[0.112s] Level 1:colcon.colcon_core.package_identification:_identify(src) by extensions ['cmake', 'python']
[0.112s] Level 1:colcon.colcon_core.package_identification:_identify(src) by extension 'cmake'
[0.112s] Level 1:colcon.colcon_core.package_identification:_identify(src) by extension 'python'
[0.112s] Level 1:colcon.colcon_core.package_identification:_identify(src) by extensions ['python_setup_py']
[0.112s] Level 1:colcon.colcon_core.package_identification:_identify(src) by extension 'python_setup_py'
[0.112s] Level 1:colcon.colcon_core.package_identification:_identify(src/robot_control) by extensions ['ignore', 'ignore_ament_install']
[0.112s] Level 1:colcon.colcon_core.package_identification:_identify(src/robot_control) by extension 'ignore'
[0.112s] Level 1:colcon.colcon_core.package_identification:_identify(src/robot_control) by extension 'ignore_ament_install'
[0.112s] Level 1:colcon.colcon_core.package_identification:_identify(src/robot_control) by extensions ['colcon_pkg']
[0.112s] Level 1:colcon.colcon_core.package_identification:_identify(src/robot_control) by extension 'colcon_pkg'
[0.112s] Level 1:colcon.colcon_core.package_identification:_identify(src/robot_control) by extensions ['colcon_meta']
[0.112s] Level 1:colcon.colcon_core.package_identification:_identify(src/robot_control) by extension 'colcon_meta'
[0.112s] Level 1:colcon.colcon_core.package_identification:_identify(src/robot_control) by extensions ['ros']
[0.112s] Level 1:colcon.colcon_core.package_identification:_identify(src/robot_control) by extension 'ros'
[0.114s] DEBUG:colcon.colcon_core.package_identification:Package 'src/robot_control' with type 'ros.ament_python' and name 'robot_control'
[0.114s] Level 1:colcon.colcon_core.package_discovery:discover_packages(recursive) using defaults
[0.114s] Level 1:colcon.colcon_core.package_discovery:discover_packages(ignore) discover
[0.114s] Level 1:colcon.colcon_core.package_discovery:discover_packages(ignore) using defaults
[0.114s] Level 1:colcon.colcon_core.package_discovery:discover_packages(path) discover
[0.114s] Level 1:colcon.colcon_core.package_discovery:discover_packages(path) using defaults
[0.124s] Level 1:colcon.colcon_core.package_discovery:discover_packages(prefix_path) check parameters
[0.124s] Level 1:colcon.colcon_core.package_discovery:discover_packages(prefix_path) discover
[0.125s] DEBUG:colcon.colcon_installed_package_information.package_discovery:Found 1 installed packages in /home/bluelobster/ros2_projects/workspaces/MQP2025-educational-mobile-robot/computer_nodes/install
[0.126s] DEBUG:colcon.colcon_installed_package_information.package_discovery:Found 318 installed packages in /opt/ros/jazzy
[0.126s] Level 1:colcon.colcon_core.package_discovery:discover_packages(prefix_path) using defaults
[0.150s] Level 5:colcon.colcon_core.verb:set package 'robot_control' build argument 'cmake_args' from command line to 'None'
[0.150s] Level 5:colcon.colcon_core.verb:set package 'robot_control' build argument 'cmake_target' from command line to 'None'
[0.150s] Level 5:colcon.colcon_core.verb:set package 'robot_control' build argument 'cmake_target_skip_unavailable' from command line to 'False'
[0.150s] Level 5:colcon.colcon_core.verb:set package 'robot_control' build argument 'cmake_clean_cache' from command line to 'False'
[0.150s] Level 5:colcon.colcon_core.verb:set package 'robot_control' build argument 'cmake_clean_first' from command line to 'False'
[0.150s] Level 5:colcon.colcon_core.verb:set package 'robot_control' build argument 'cmake_force_configure' from command line to 'False'
[0.150s] Level 5:colcon.colcon_core.verb:set package 'robot_control' build argument 'ament_cmake_args' from command line to 'None'
[0.150s] Level 5:colcon.colcon_core.verb:set package 'robot_control' build argument 'catkin_cmake_args' from command line to 'None'
[0.150s] Level 5:colcon.colcon_core.verb:set package 'robot_control' build argument 'catkin_skip_building_tests' from command line to 'False'
[0.150s] DEBUG:colcon.colcon_core.verb:Building package 'robot_control' with the following arguments: {'ament_cmake_args': None, 'build_base': '/home/bluelobster/ros2_projects/workspaces/MQP2025-educational-mobile-robot/computer_nodes/build/robot_control', 'catkin_cmake_args': None, 'catkin_skip_building_tests': False, 'cmake_args': None, 'cmake_clean_cache': False, 'cmake_clean_first': False, 'cmake_force_configure': False, 'cmake_target': None, 'cmake_target_skip_unavailable': False, 'install_base': '/home/bluelobster/ros2_projects/workspaces/MQP2025-educational-mobile-robot/computer_nodes/install/robot_control', 'merge_install': False, 'path': '/home/bluelobster/ros2_projects/workspaces/MQP2025-educational-mobile-robot/computer_nodes/src/robot_control', 'symlink_install': True, 'test_result_base': None}
[0.151s] INFO:colcon.colcon_core.executor:Executing jobs using 'parallel' executor
[0.151s] DEBUG:colcon.colcon_parallel_executor.executor.parallel:run_until_complete
[0.152s] INFO:colcon.colcon_ros.task.ament_python.build:Building ROS package in '/home/bluelobster/ros2_projects/workspaces/MQP2025-educational-mobile-robot/computer_nodes/src/robot_control' with build type 'ament_python'
[0.152s] Level 1:colcon.colcon_core.shell:create_environment_hook('robot_control', 'ament_prefix_path')
[0.153s] INFO:colcon.colcon_core.plugin_system:Skipping extension 'colcon_core.shell.bat': Not used on non-Windows systems
[0.153s] INFO:colcon.colcon_core.shell:Creating environment hook '/home/bluelobster/ros2_projects/workspaces/MQP2025-educational-mobile-robot/computer_nodes/install/robot_control/share/robot_control/hook/ament_prefix_path.ps1'
[0.154s] INFO:colcon.colcon_core.shell:Creating environment descriptor '/home/bluelobster/ros2_projects/workspaces/MQP2025-educational-mobile-robot/computer_nodes/install/robot_control/share/robot_control/hook/ament_prefix_path.dsv'
[0.154s] INFO:colcon.colcon_core.shell:Creating environment hook '/home/bluelobster/ros2_projects/workspaces/MQP2025-educational-mobile-robot/computer_nodes/install/robot_control/share/robot_control/hook/ament_prefix_path.sh'
[0.154s] INFO:colcon.colcon_core.shell:Skip shell extension 'powershell' for command environment: Not usable outside of PowerShell
[0.154s] DEBUG:colcon.colcon_core.shell:Skip shell extension 'dsv' for command environment
[0.291s] INFO:colcon.colcon_core.task.python.build:Building Python package in '/home/bluelobster/ros2_projects/workspaces/MQP2025-educational-mobile-robot/computer_nodes/src/robot_control'
[0.292s] INFO:colcon.colcon_core.shell:Skip shell extension 'powershell' for command environment: Not usable outside of PowerShell
[0.292s] DEBUG:colcon.colcon_core.shell:Skip shell extension 'dsv' for command environment
[0.637s] DEBUG:colcon.colcon_core.event_handler.log_command:Invoking command in '/home/bluelobster/ros2_projects/workspaces/MQP2025-educational-mobile-robot/computer_nodes/build/robot_control': DEBUGINFOD_URLS=https://debuginfod.ubuntu.com PYTHONPATH=/home/bluelobster/ros2_projects/workspaces/MQP2025-educational-mobile-robot/computer_nodes/build/robot_control/prefix_override:/usr/lib/python3/dist-packages/colcon_core/task/python/colcon_distutils_commands:/home/bluelobster/ros2_projects/workspaces/MQP2025-educational-mobile-robot/computer_nodes/install/robot_control/lib/python3.12/site-packages:${PYTHONPATH} /usr/bin/python3 -W ignore:setup.py install is deprecated -W ignore:easy_install command is deprecated setup.py develop --editable --build-directory /home/bluelobster/ros2_projects/workspaces/MQP2025-educational-mobile-robot/computer_nodes/build/robot_control/build --no-deps symlink_data
[1.018s] Level 1:colcon.colcon_core.shell:create_environment_hook('robot_control', 'pythonpath_develop')
[1.018s] INFO:colcon.colcon_core.shell:Creating environment hook '/home/bluelobster/ros2_projects/workspaces/MQP2025-educational-mobile-robot/computer_nodes/build/robot_control/share/robot_control/hook/pythonpath_develop.ps1'
[1.019s] INFO:colcon.colcon_core.shell:Creating environment descriptor '/home/bluelobster/ros2_projects/workspaces/MQP2025-educational-mobile-robot/computer_nodes/build/robot_control/share/robot_control/hook/pythonpath_develop.dsv'
[1.019s] DEBUG:colcon.colcon_core.event_handler.log_command:Invoked command in '/home/bluelobster/ros2_projects/workspaces/MQP2025-educational-mobile-robot/computer_nodes/build/robot_control' returned '0': DEBUGINFOD_URLS=https://debuginfod.ubuntu.com PYTHONPATH=/home/bluelobster/ros2_projects/workspaces/MQP2025-educational-mobile-robot/computer_nodes/build/robot_control/prefix_override:/usr/lib/python3/dist-packages/colcon_core/task/python/colcon_distutils_commands:/home/bluelobster/ros2_projects/workspaces/MQP2025-educational-mobile-robot/computer_nodes/install/robot_control/lib/python3.12/site-packages:${PYTHONPATH} /usr/bin/python3 -W ignore:setup.py install is deprecated -W ignore:easy_install command is deprecated setup.py develop --editable --build-directory /home/bluelobster/ros2_projects/workspaces/MQP2025-educational-mobile-robot/computer_nodes/build/robot_control/build --no-deps symlink_data
[1.019s] INFO:colcon.colcon_core.shell:Creating environment hook '/home/bluelobster/ros2_projects/workspaces/MQP2025-educational-mobile-robot/computer_nodes/build/robot_control/share/robot_control/hook/pythonpath_develop.sh'
[1.020s] Level 1:colcon.colcon_core.environment:checking '/home/bluelobster/ros2_projects/workspaces/MQP2025-educational-mobile-robot/computer_nodes/install/robot_control' for CMake module files
[1.020s] Level 1:colcon.colcon_core.environment:checking '/home/bluelobster/ros2_projects/workspaces/MQP2025-educational-mobile-robot/computer_nodes/install/robot_control' for CMake config files
[1.021s] Level 1:colcon.colcon_core.environment:checking '/home/bluelobster/ros2_projects/workspaces/MQP2025-educational-mobile-robot/computer_nodes/install/robot_control/lib'
[1.021s] Level 1:colcon.colcon_core.environment:checking '/home/bluelobster/ros2_projects/workspaces/MQP2025-educational-mobile-robot/computer_nodes/install/robot_control/bin'
[1.021s] Level 1:colcon.colcon_core.environment:checking '/home/bluelobster/ros2_projects/workspaces/MQP2025-educational-mobile-robot/computer_nodes/install/robot_control/lib/pkgconfig/robot_control.pc'
[1.021s] Level 1:colcon.colcon_core.environment:checking '/home/bluelobster/ros2_projects/workspaces/MQP2025-educational-mobile-robot/computer_nodes/install/robot_control/lib/python3.12/site-packages'
[1.021s] Level 1:colcon.colcon_core.shell:create_environment_hook('robot_control', 'pythonpath')
[1.021s] INFO:colcon.colcon_core.shell:Creating environment hook '/home/bluelobster/ros2_projects/workspaces/MQP2025-educational-mobile-robot/computer_nodes/install/robot_control/share/robot_control/hook/pythonpath.ps1'
[1.021s] INFO:colcon.colcon_core.shell:Creating environment descriptor '/home/bluelobster/ros2_projects/workspaces/MQP2025-educational-mobile-robot/computer_nodes/install/robot_control/share/robot_control/hook/pythonpath.dsv'
[1.022s] INFO:colcon.colcon_core.shell:Creating environment hook '/home/bluelobster/ros2_projects/workspaces/MQP2025-educational-mobile-robot/computer_nodes/install/robot_control/share/robot_control/hook/pythonpath.sh'
[1.022s] Level 1:colcon.colcon_core.environment:checking '/home/bluelobster/ros2_projects/workspaces/MQP2025-educational-mobile-robot/computer_nodes/install/robot_control/bin'
[1.022s] Level 1:colcon.colcon_core.environment:create_environment_scripts_only(robot_control)
[1.022s] INFO:colcon.colcon_core.shell:Creating package script '/home/bluelobster/ros2_projects/workspaces/MQP2025-educational-mobile-robot/computer_nodes/install/robot_control/share/robot_control/package.ps1'
[1.023s] INFO:colcon.colcon_core.shell:Creating package descriptor '/home/bluelobster/ros2_projects/workspaces/MQP2025-educational-mobile-robot/computer_nodes/install/robot_control/share/robot_control/package.dsv'
[1.023s] INFO:colcon.colcon_core.shell:Creating package script '/home/bluelobster/ros2_projects/workspaces/MQP2025-educational-mobile-robot/computer_nodes/install/robot_control/share/robot_control/package.sh'
[1.023s] INFO:colcon.colcon_core.shell:Creating package script '/home/bluelobster/ros2_projects/workspaces/MQP2025-educational-mobile-robot/computer_nodes/install/robot_control/share/robot_control/package.bash'
[1.024s] INFO:colcon.colcon_core.shell:Creating package script '/home/bluelobster/ros2_projects/workspaces/MQP2025-educational-mobile-robot/computer_nodes/install/robot_control/share/robot_control/package.zsh'
[1.024s] Level 1:colcon.colcon_core.environment:create_file_with_runtime_dependencies(/home/bluelobster/ros2_projects/workspaces/MQP2025-educational-mobile-robot/computer_nodes/install/robot_control/share/colcon-core/packages/robot_control)
[1.024s] DEBUG:colcon.colcon_parallel_executor.executor.parallel:closing loop
[1.024s] DEBUG:colcon.colcon_parallel_executor.executor.parallel:loop closed
[1.024s] DEBUG:colcon.colcon_parallel_executor.executor.parallel:run_until_complete finished with '0'
[1.024s] DEBUG:colcon.colcon_core.event_reactor:joining thread
[1.030s] INFO:colcon.colcon_core.plugin_system:Skipping extension 'colcon_notification.desktop_notification.terminal_notifier': Not used on non-Darwin systems
[1.030s] INFO:colcon.colcon_core.plugin_system:Skipping extension 'colcon_notification.desktop_notification.win32': Not used on non-Windows systems
[1.030s] INFO:colcon.colcon_notification.desktop_notification:Sending desktop notification using 'notify2'
[1.053s] DEBUG:colcon.colcon_core.event_reactor:joined thread
[1.053s] INFO:colcon.colcon_core.shell:Creating prefix script '/home/bluelobster/ros2_projects/workspaces/MQP2025-educational-mobile-robot/computer_nodes/install/local_setup.ps1'
[1.054s] INFO:colcon.colcon_core.shell:Creating prefix util module '/home/bluelobster/ros2_projects/workspaces/MQP2025-educational-mobile-robot/computer_nodes/install/_local_setup_util_ps1.py'
[1.054s] INFO:colcon.colcon_core.shell:Creating prefix chain script '/home/bluelobster/ros2_projects/workspaces/MQP2025-educational-mobile-robot/computer_nodes/install/setup.ps1'
[1.055s] INFO:colcon.colcon_core.shell:Creating prefix script '/home/bluelobster/ros2_projects/workspaces/MQP2025-educational-mobile-robot/computer_nodes/install/local_setup.sh'
[1.055s] INFO:colcon.colcon_core.shell:Creating prefix util module '/home/bluelobster/ros2_projects/workspaces/MQP2025-educational-mobile-robot/computer_nodes/install/_local_setup_util_sh.py'
[1.055s] INFO:colcon.colcon_core.shell:Creating prefix chain script '/home/bluelobster/ros2_projects/workspaces/MQP2025-educational-mobile-robot/computer_nodes/install/setup.sh'
[1.056s] INFO:colcon.colcon_core.shell:Creating prefix script '/home/bluelobster/ros2_projects/workspaces/MQP2025-educational-mobile-robot/computer_nodes/install/local_setup.bash'
[1.056s] INFO:colcon.colcon_core.shell:Creating prefix chain script '/home/bluelobster/ros2_projects/workspaces/MQP2025-educational-mobile-robot/computer_nodes/install/setup.bash'
[1.057s] INFO:colcon.colcon_core.shell:Creating prefix script '/home/bluelobster/ros2_projects/workspaces/MQP2025-educational-mobile-robot/computer_nodes/install/local_setup.zsh'
[1.057s] INFO:colcon.colcon_core.shell:Creating prefix chain script '/home/bluelobster/ros2_projects/workspaces/MQP2025-educational-mobile-robot/computer_nodes/install/setup.zsh'
