[0.221s] DEBUG:colcon:Command line arguments: ['/usr/bin/colcon', 'build', '--symlink-install']
[0.221s] DEBUG:colcon:Parsed command line arguments: Namespace(log_base=None, log_level=None, verb_name='build', build_base='build', install_base='install', merge_install=False, symlink_install=True, test_result_base=None, continue_on_error=False, executor='parallel', parallel_workers=4, event_handlers=None, ignore_user_meta=False, metas=['./colcon.meta'], base_paths=['.'], packages_ignore=None, packages_ignore_regex=None, paths=None, packages_up_to=None, packages_up_to_regex=None, packages_above=None, packages_above_and_dependencies=None, packages_above_depth=None, packages_select_by_dep=None, packages_skip_by_dep=None, packages_skip_up_to=None, packages_select_build_failed=False, packages_skip_build_finished=False, packages_select_test_failures=False, packages_skip_test_passed=False, packages_select=None, packages_skip=None, packages_select_regex=None, packages_skip_regex=None, packages_start=None, packages_end=None, allow_overriding=[], cmake_args=None, cmake_target=None, cmake_target_skip_unavailable=False, cmake_clean_cache=False, cmake_clean_first=False, cmake_force_configure=False, ament_cmake_args=None, catkin_cmake_args=None, catkin_skip_building_tests=False, mixin_files=None, mixin=None, verb_parser=<colcon_mixin.mixin.mixin_argument.MixinArgumentDecorator object at 0xffff7e452ae0>, verb_extension=<colcon_core.verb.build.BuildVerb object at 0xffff7e452900>, main=<bound method BuildVerb.main of <colcon_core.verb.build.BuildVerb object at 0xffff7e452900>>, mixin_verb=('build',))
[0.322s] Level 1:colcon.colcon_core.package_discovery:discover_packages(colcon_meta) check parameters
[0.322s] Level 1:colcon.colcon_core.package_discovery:discover_packages(recursive) check parameters
[0.323s] Level 1:colcon.colcon_core.package_discovery:discover_packages(ignore) check parameters
[0.323s] Level 1:colcon.colcon_core.package_discovery:discover_packages(path) check parameters
[0.323s] Level 1:colcon.colcon_core.package_discovery:discover_packages(colcon_meta) discover
[0.323s] Level 1:colcon.colcon_core.package_discovery:discover_packages(recursive) discover
[0.323s] INFO:colcon.colcon_core.package_discovery:Crawling recursively for packages in '/home/pipi/ros2_projects/workspaces/mobile_robot/mobile_robot_nodes'
[0.323s] Level 1:colcon.colcon_core.package_identification:_identify(.) by extensions ['ignore', 'ignore_ament_install']
[0.323s] Level 1:colcon.colcon_core.package_identification:_identify(.) by extension 'ignore'
[0.323s] Level 1:colcon.colcon_core.package_identification:_identify(.) by extension 'ignore_ament_install'
[0.323s] Level 1:colcon.colcon_core.package_identification:_identify(.) by extensions ['colcon_pkg']
[0.323s] Level 1:colcon.colcon_core.package_identification:_identify(.) by extension 'colcon_pkg'
[0.323s] Level 1:colcon.colcon_core.package_identification:_identify(.) by extensions ['colcon_meta']
[0.323s] Level 1:colcon.colcon_core.package_identification:_identify(.) by extension 'colcon_meta'
[0.323s] Level 1:colcon.colcon_core.package_identification:_identify(.) by extensions ['ros']
[0.324s] Level 1:colcon.colcon_core.package_identification:_identify(.) by extension 'ros'
[0.380s] Level 1:colcon.colcon_core.package_identification:_identify(.) by extensions ['cmake', 'python']
[0.380s] Level 1:colcon.colcon_core.package_identification:_identify(.) by extension 'cmake'
[0.380s] Level 1:colcon.colcon_core.package_identification:_identify(.) by extension 'python'
[0.380s] Level 1:colcon.colcon_core.package_identification:_identify(.) by extensions ['python_setup_py']
[0.380s] Level 1:colcon.colcon_core.package_identification:_identify(.) by extension 'python_setup_py'
[0.380s] Level 1:colcon.colcon_core.package_identification:_identify(build) by extensions ['ignore', 'ignore_ament_install']
[0.381s] Level 1:colcon.colcon_core.package_identification:_identify(build) by extension 'ignore'
[0.381s] Level 1:colcon.colcon_core.package_identification:_identify(build) ignored
[0.381s] Level 1:colcon.colcon_core.package_identification:_identify(install) by extensions ['ignore', 'ignore_ament_install']
[0.381s] Level 1:colcon.colcon_core.package_identification:_identify(install) by extension 'ignore'
[0.381s] Level 1:colcon.colcon_core.package_identification:_identify(install) ignored
[0.381s] Level 1:colcon.colcon_core.package_identification:_identify(log) by extensions ['ignore', 'ignore_ament_install']
[0.381s] Level 1:colcon.colcon_core.package_identification:_identify(log) by extension 'ignore'
[0.381s] Level 1:colcon.colcon_core.package_identification:_identify(log) ignored
[0.382s] Level 1:colcon.colcon_core.package_identification:_identify(src) by extensions ['ignore', 'ignore_ament_install']
[0.382s] Level 1:colcon.colcon_core.package_identification:_identify(src) by extension 'ignore'
[0.382s] Level 1:colcon.colcon_core.package_identification:_identify(src) by extension 'ignore_ament_install'
[0.382s] Level 1:colcon.colcon_core.package_identification:_identify(src) by extensions ['colcon_pkg']
[0.382s] Level 1:colcon.colcon_core.package_identification:_identify(src) by extension 'colcon_pkg'
[0.382s] Level 1:colcon.colcon_core.package_identification:_identify(src) by extensions ['colcon_meta']
[0.382s] Level 1:colcon.colcon_core.package_identification:_identify(src) by extension 'colcon_meta'
[0.382s] Level 1:colcon.colcon_core.package_identification:_identify(src) by extensions ['ros']
[0.382s] Level 1:colcon.colcon_core.package_identification:_identify(src) by extension 'ros'
[0.382s] Level 1:colcon.colcon_core.package_identification:_identify(src) by extensions ['cmake', 'python']
[0.382s] Level 1:colcon.colcon_core.package_identification:_identify(src) by extension 'cmake'
[0.382s] Level 1:colcon.colcon_core.package_identification:_identify(src) by extension 'python'
[0.382s] Level 1:colcon.colcon_core.package_identification:_identify(src) by extensions ['python_setup_py']
[0.382s] Level 1:colcon.colcon_core.package_identification:_identify(src) by extension 'python_setup_py'
[0.383s] Level 1:colcon.colcon_core.package_identification:_identify(src/actuator_nodes) by extensions ['ignore', 'ignore_ament_install']
[0.383s] Level 1:colcon.colcon_core.package_identification:_identify(src/actuator_nodes) by extension 'ignore'
[0.383s] Level 1:colcon.colcon_core.package_identification:_identify(src/actuator_nodes) by extension 'ignore_ament_install'
[0.383s] Level 1:colcon.colcon_core.package_identification:_identify(src/actuator_nodes) by extensions ['colcon_pkg']
[0.383s] Level 1:colcon.colcon_core.package_identification:_identify(src/actuator_nodes) by extension 'colcon_pkg'
[0.383s] Level 1:colcon.colcon_core.package_identification:_identify(src/actuator_nodes) by extensions ['colcon_meta']
[0.383s] Level 1:colcon.colcon_core.package_identification:_identify(src/actuator_nodes) by extension 'colcon_meta'
[0.383s] Level 1:colcon.colcon_core.package_identification:_identify(src/actuator_nodes) by extensions ['ros']
[0.383s] Level 1:colcon.colcon_core.package_identification:_identify(src/actuator_nodes) by extension 'ros'
[0.388s] DEBUG:colcon.colcon_core.package_identification:Package 'src/actuator_nodes' with type 'ros.ament_python' and name 'actuator_nodes'
[0.388s] Level 1:colcon.colcon_core.package_identification:_identify(src/computer_vision_nodes) by extensions ['ignore', 'ignore_ament_install']
[0.388s] Level 1:colcon.colcon_core.package_identification:_identify(src/computer_vision_nodes) by extension 'ignore'
[0.389s] Level 1:colcon.colcon_core.package_identification:_identify(src/computer_vision_nodes) by extension 'ignore_ament_install'
[0.389s] Level 1:colcon.colcon_core.package_identification:_identify(src/computer_vision_nodes) by extensions ['colcon_pkg']
[0.389s] Level 1:colcon.colcon_core.package_identification:_identify(src/computer_vision_nodes) by extension 'colcon_pkg'
[0.389s] Level 1:colcon.colcon_core.package_identification:_identify(src/computer_vision_nodes) by extensions ['colcon_meta']
[0.389s] Level 1:colcon.colcon_core.package_identification:_identify(src/computer_vision_nodes) by extension 'colcon_meta'
[0.389s] Level 1:colcon.colcon_core.package_identification:_identify(src/computer_vision_nodes) by extensions ['ros']
[0.389s] Level 1:colcon.colcon_core.package_identification:_identify(src/computer_vision_nodes) by extension 'ros'
[0.390s] DEBUG:colcon.colcon_core.package_identification:Package 'src/computer_vision_nodes' with type 'ros.ament_python' and name 'computer_vision_nodes'
[0.390s] Level 1:colcon.colcon_core.package_identification:_identify(src/localization_nodes) by extensions ['ignore', 'ignore_ament_install']
[0.390s] Level 1:colcon.colcon_core.package_identification:_identify(src/localization_nodes) by extension 'ignore'
[0.390s] Level 1:colcon.colcon_core.package_identification:_identify(src/localization_nodes) by extension 'ignore_ament_install'
[0.390s] Level 1:colcon.colcon_core.package_identification:_identify(src/localization_nodes) by extensions ['colcon_pkg']
[0.390s] Level 1:colcon.colcon_core.package_identification:_identify(src/localization_nodes) by extension 'colcon_pkg'
[0.391s] Level 1:colcon.colcon_core.package_identification:_identify(src/localization_nodes) by extensions ['colcon_meta']
[0.391s] Level 1:colcon.colcon_core.package_identification:_identify(src/localization_nodes) by extension 'colcon_meta'
[0.391s] Level 1:colcon.colcon_core.package_identification:_identify(src/localization_nodes) by extensions ['ros']
[0.391s] Level 1:colcon.colcon_core.package_identification:_identify(src/localization_nodes) by extension 'ros'
[0.392s] DEBUG:colcon.colcon_core.package_identification:Package 'src/localization_nodes' with type 'ros.ament_python' and name 'localization_nodes'
[0.392s] Level 1:colcon.colcon_core.package_discovery:discover_packages(recursive) using defaults
[0.392s] Level 1:colcon.colcon_core.package_discovery:discover_packages(ignore) discover
[0.392s] Level 1:colcon.colcon_core.package_discovery:discover_packages(ignore) using defaults
[0.392s] Level 1:colcon.colcon_core.package_discovery:discover_packages(path) discover
[0.392s] Level 1:colcon.colcon_core.package_discovery:discover_packages(path) using defaults
[0.430s] Level 1:colcon.colcon_core.package_discovery:discover_packages(prefix_path) check parameters
[0.430s] Level 1:colcon.colcon_core.package_discovery:discover_packages(prefix_path) discover
[0.434s] DEBUG:colcon.colcon_installed_package_information.package_discovery:Found 3 installed packages in /home/pipi/ros2_projects/workspaces/mobile_robot/mobile_robot_nodes/install
[0.436s] DEBUG:colcon.colcon_installed_package_information.package_discovery:Found 285 installed packages in /opt/ros/jazzy
[0.439s] Level 1:colcon.colcon_core.package_discovery:discover_packages(prefix_path) using defaults
[0.499s] Level 5:colcon.colcon_core.verb:set package 'actuator_nodes' build argument 'cmake_args' from command line to 'None'
[0.499s] Level 5:colcon.colcon_core.verb:set package 'actuator_nodes' build argument 'cmake_target' from command line to 'None'
[0.499s] Level 5:colcon.colcon_core.verb:set package 'actuator_nodes' build argument 'cmake_target_skip_unavailable' from command line to 'False'
[0.499s] Level 5:colcon.colcon_core.verb:set package 'actuator_nodes' build argument 'cmake_clean_cache' from command line to 'False'
[0.499s] Level 5:colcon.colcon_core.verb:set package 'actuator_nodes' build argument 'cmake_clean_first' from command line to 'False'
[0.499s] Level 5:colcon.colcon_core.verb:set package 'actuator_nodes' build argument 'cmake_force_configure' from command line to 'False'
[0.500s] Level 5:colcon.colcon_core.verb:set package 'actuator_nodes' build argument 'ament_cmake_args' from command line to 'None'
[0.500s] Level 5:colcon.colcon_core.verb:set package 'actuator_nodes' build argument 'catkin_cmake_args' from command line to 'None'
[0.500s] Level 5:colcon.colcon_core.verb:set package 'actuator_nodes' build argument 'catkin_skip_building_tests' from command line to 'False'
[0.500s] DEBUG:colcon.colcon_core.verb:Building package 'actuator_nodes' with the following arguments: {'ament_cmake_args': None, 'build_base': '/home/pipi/ros2_projects/workspaces/mobile_robot/mobile_robot_nodes/build/actuator_nodes', 'catkin_cmake_args': None, 'catkin_skip_building_tests': False, 'cmake_args': None, 'cmake_clean_cache': False, 'cmake_clean_first': False, 'cmake_force_configure': False, 'cmake_target': None, 'cmake_target_skip_unavailable': False, 'install_base': '/home/pipi/ros2_projects/workspaces/mobile_robot/mobile_robot_nodes/install/actuator_nodes', 'merge_install': False, 'path': '/home/pipi/ros2_projects/workspaces/mobile_robot/mobile_robot_nodes/src/actuator_nodes', 'symlink_install': True, 'test_result_base': None}
[0.500s] Level 5:colcon.colcon_core.verb:set package 'computer_vision_nodes' build argument 'cmake_args' from command line to 'None'
[0.500s] Level 5:colcon.colcon_core.verb:set package 'computer_vision_nodes' build argument 'cmake_target' from command line to 'None'
[0.500s] Level 5:colcon.colcon_core.verb:set package 'computer_vision_nodes' build argument 'cmake_target_skip_unavailable' from command line to 'False'
[0.500s] Level 5:colcon.colcon_core.verb:set package 'computer_vision_nodes' build argument 'cmake_clean_cache' from command line to 'False'
[0.500s] Level 5:colcon.colcon_core.verb:set package 'computer_vision_nodes' build argument 'cmake_clean_first' from command line to 'False'
[0.500s] Level 5:colcon.colcon_core.verb:set package 'computer_vision_nodes' build argument 'cmake_force_configure' from command line to 'False'
[0.500s] Level 5:colcon.colcon_core.verb:set package 'computer_vision_nodes' build argument 'ament_cmake_args' from command line to 'None'
[0.500s] Level 5:colcon.colcon_core.verb:set package 'computer_vision_nodes' build argument 'catkin_cmake_args' from command line to 'None'
[0.500s] Level 5:colcon.colcon_core.verb:set package 'computer_vision_nodes' build argument 'catkin_skip_building_tests' from command line to 'False'
[0.500s] DEBUG:colcon.colcon_core.verb:Building package 'computer_vision_nodes' with the following arguments: {'ament_cmake_args': None, 'build_base': '/home/pipi/ros2_projects/workspaces/mobile_robot/mobile_robot_nodes/build/computer_vision_nodes', 'catkin_cmake_args': None, 'catkin_skip_building_tests': False, 'cmake_args': None, 'cmake_clean_cache': False, 'cmake_clean_first': False, 'cmake_force_configure': False, 'cmake_target': None, 'cmake_target_skip_unavailable': False, 'install_base': '/home/pipi/ros2_projects/workspaces/mobile_robot/mobile_robot_nodes/install/computer_vision_nodes', 'merge_install': False, 'path': '/home/pipi/ros2_projects/workspaces/mobile_robot/mobile_robot_nodes/src/computer_vision_nodes', 'symlink_install': True, 'test_result_base': None}
[0.501s] Level 5:colcon.colcon_core.verb:set package 'localization_nodes' build argument 'cmake_args' from command line to 'None'
[0.501s] Level 5:colcon.colcon_core.verb:set package 'localization_nodes' build argument 'cmake_target' from command line to 'None'
[0.501s] Level 5:colcon.colcon_core.verb:set package 'localization_nodes' build argument 'cmake_target_skip_unavailable' from command line to 'False'
[0.501s] Level 5:colcon.colcon_core.verb:set package 'localization_nodes' build argument 'cmake_clean_cache' from command line to 'False'
[0.501s] Level 5:colcon.colcon_core.verb:set package 'localization_nodes' build argument 'cmake_clean_first' from command line to 'False'
[0.501s] Level 5:colcon.colcon_core.verb:set package 'localization_nodes' build argument 'cmake_force_configure' from command line to 'False'
[0.501s] Level 5:colcon.colcon_core.verb:set package 'localization_nodes' build argument 'ament_cmake_args' from command line to 'None'
[0.501s] Level 5:colcon.colcon_core.verb:set package 'localization_nodes' build argument 'catkin_cmake_args' from command line to 'None'
[0.501s] Level 5:colcon.colcon_core.verb:set package 'localization_nodes' build argument 'catkin_skip_building_tests' from command line to 'False'
[0.501s] DEBUG:colcon.colcon_core.verb:Building package 'localization_nodes' with the following arguments: {'ament_cmake_args': None, 'build_base': '/home/pipi/ros2_projects/workspaces/mobile_robot/mobile_robot_nodes/build/localization_nodes', 'catkin_cmake_args': None, 'catkin_skip_building_tests': False, 'cmake_args': None, 'cmake_clean_cache': False, 'cmake_clean_first': False, 'cmake_force_configure': False, 'cmake_target': None, 'cmake_target_skip_unavailable': False, 'install_base': '/home/pipi/ros2_projects/workspaces/mobile_robot/mobile_robot_nodes/install/localization_nodes', 'merge_install': False, 'path': '/home/pipi/ros2_projects/workspaces/mobile_robot/mobile_robot_nodes/src/localization_nodes', 'symlink_install': True, 'test_result_base': None}
[0.501s] INFO:colcon.colcon_core.executor:Executing jobs using 'parallel' executor
[0.502s] DEBUG:colcon.colcon_parallel_executor.executor.parallel:run_until_complete
[0.503s] INFO:colcon.colcon_ros.task.ament_python.build:Building ROS package in '/home/pipi/ros2_projects/workspaces/mobile_robot/mobile_robot_nodes/src/actuator_nodes' with build type 'ament_python'
[0.503s] Level 1:colcon.colcon_core.shell:create_environment_hook('actuator_nodes', 'ament_prefix_path')
[0.508s] INFO:colcon.colcon_core.plugin_system:Skipping extension 'colcon_core.shell.bat': Not used on non-Windows systems
[0.508s] INFO:colcon.colcon_core.shell:Creating environment hook '/home/pipi/ros2_projects/workspaces/mobile_robot/mobile_robot_nodes/install/actuator_nodes/share/actuator_nodes/hook/ament_prefix_path.ps1'
[0.509s] INFO:colcon.colcon_core.shell:Creating environment descriptor '/home/pipi/ros2_projects/workspaces/mobile_robot/mobile_robot_nodes/install/actuator_nodes/share/actuator_nodes/hook/ament_prefix_path.dsv'
[0.511s] INFO:colcon.colcon_core.shell:Creating environment hook '/home/pipi/ros2_projects/workspaces/mobile_robot/mobile_robot_nodes/install/actuator_nodes/share/actuator_nodes/hook/ament_prefix_path.sh'
[0.513s] INFO:colcon.colcon_core.shell:Skip shell extension 'powershell' for command environment: Not usable outside of PowerShell
[0.513s] DEBUG:colcon.colcon_core.shell:Skip shell extension 'dsv' for command environment
[0.518s] INFO:colcon.colcon_ros.task.ament_python.build:Building ROS package in '/home/pipi/ros2_projects/workspaces/mobile_robot/mobile_robot_nodes/src/computer_vision_nodes' with build type 'ament_python'
[0.519s] Level 1:colcon.colcon_core.shell:create_environment_hook('computer_vision_nodes', 'ament_prefix_path')
[0.519s] INFO:colcon.colcon_core.shell:Creating environment hook '/home/pipi/ros2_projects/workspaces/mobile_robot/mobile_robot_nodes/install/computer_vision_nodes/share/computer_vision_nodes/hook/ament_prefix_path.ps1'
[0.520s] INFO:colcon.colcon_core.shell:Creating environment descriptor '/home/pipi/ros2_projects/workspaces/mobile_robot/mobile_robot_nodes/install/computer_vision_nodes/share/computer_vision_nodes/hook/ament_prefix_path.dsv'
[0.521s] INFO:colcon.colcon_core.shell:Creating environment hook '/home/pipi/ros2_projects/workspaces/mobile_robot/mobile_robot_nodes/install/computer_vision_nodes/share/computer_vision_nodes/hook/ament_prefix_path.sh'
[0.522s] INFO:colcon.colcon_core.shell:Skip shell extension 'powershell' for command environment: Not usable outside of PowerShell
[0.522s] DEBUG:colcon.colcon_core.shell:Skip shell extension 'dsv' for command environment
[0.526s] INFO:colcon.colcon_ros.task.ament_python.build:Building ROS package in '/home/pipi/ros2_projects/workspaces/mobile_robot/mobile_robot_nodes/src/localization_nodes' with build type 'ament_python'
[0.526s] Level 1:colcon.colcon_core.shell:create_environment_hook('localization_nodes', 'ament_prefix_path')
[0.527s] INFO:colcon.colcon_core.shell:Creating environment hook '/home/pipi/ros2_projects/workspaces/mobile_robot/mobile_robot_nodes/install/localization_nodes/share/localization_nodes/hook/ament_prefix_path.ps1'
[0.528s] INFO:colcon.colcon_core.shell:Creating environment descriptor '/home/pipi/ros2_projects/workspaces/mobile_robot/mobile_robot_nodes/install/localization_nodes/share/localization_nodes/hook/ament_prefix_path.dsv'
[0.529s] INFO:colcon.colcon_core.shell:Creating environment hook '/home/pipi/ros2_projects/workspaces/mobile_robot/mobile_robot_nodes/install/localization_nodes/share/localization_nodes/hook/ament_prefix_path.sh'
[0.530s] INFO:colcon.colcon_core.shell:Skip shell extension 'powershell' for command environment: Not usable outside of PowerShell
[0.530s] DEBUG:colcon.colcon_core.shell:Skip shell extension 'dsv' for command environment
[0.862s] INFO:colcon.colcon_core.task.python.build:Building Python package in '/home/pipi/ros2_projects/workspaces/mobile_robot/mobile_robot_nodes/src/actuator_nodes'
[0.863s] INFO:colcon.colcon_core.shell:Skip shell extension 'powershell' for command environment: Not usable outside of PowerShell
[0.863s] DEBUG:colcon.colcon_core.shell:Skip shell extension 'dsv' for command environment
[1.192s] INFO:colcon.colcon_core.task.python.build:Building Python package in '/home/pipi/ros2_projects/workspaces/mobile_robot/mobile_robot_nodes/src/computer_vision_nodes'
[1.193s] INFO:colcon.colcon_core.shell:Skip shell extension 'powershell' for command environment: Not usable outside of PowerShell
[1.193s] DEBUG:colcon.colcon_core.shell:Skip shell extension 'dsv' for command environment
[1.521s] INFO:colcon.colcon_core.task.python.build:Building Python package in '/home/pipi/ros2_projects/workspaces/mobile_robot/mobile_robot_nodes/src/localization_nodes'
[1.522s] INFO:colcon.colcon_core.shell:Skip shell extension 'powershell' for command environment: Not usable outside of PowerShell
[1.522s] DEBUG:colcon.colcon_core.shell:Skip shell extension 'dsv' for command environment
[2.907s] DEBUG:colcon.colcon_core.event_handler.log_command:Invoking command in '/home/pipi/ros2_projects/workspaces/mobile_robot/mobile_robot_nodes/build/localization_nodes': DEBUGINFOD_URLS=https://debuginfod.ubuntu.com PYTHONPATH=/home/pipi/ros2_projects/workspaces/mobile_robot/mobile_robot_nodes/build/localization_nodes/prefix_override:/usr/lib/python3/dist-packages/colcon_core/task/python/colcon_distutils_commands:/home/pipi/ros2_projects/workspaces/mobile_robot/mobile_robot_nodes/install/localization_nodes/lib/python3.12/site-packages:${PYTHONPATH} /usr/bin/python3 -W ignore:setup.py install is deprecated -W ignore:easy_install command is deprecated setup.py develop --editable --build-directory /home/pipi/ros2_projects/workspaces/mobile_robot/mobile_robot_nodes/build/localization_nodes/build --no-deps symlink_data
[2.913s] DEBUG:colcon.colcon_core.event_handler.log_command:Invoking command in '/home/pipi/ros2_projects/workspaces/mobile_robot/mobile_robot_nodes/build/computer_vision_nodes': DEBUGINFOD_URLS=https://debuginfod.ubuntu.com PYTHONPATH=/home/pipi/ros2_projects/workspaces/mobile_robot/mobile_robot_nodes/build/computer_vision_nodes/prefix_override:/usr/lib/python3/dist-packages/colcon_core/task/python/colcon_distutils_commands:/home/pipi/ros2_projects/workspaces/mobile_robot/mobile_robot_nodes/install/computer_vision_nodes/lib/python3.12/site-packages:${PYTHONPATH} /usr/bin/python3 -W ignore:setup.py install is deprecated -W ignore:easy_install command is deprecated setup.py develop --editable --build-directory /home/pipi/ros2_projects/workspaces/mobile_robot/mobile_robot_nodes/build/computer_vision_nodes/build --no-deps symlink_data
[2.916s] DEBUG:colcon.colcon_core.event_handler.log_command:Invoking command in '/home/pipi/ros2_projects/workspaces/mobile_robot/mobile_robot_nodes/build/actuator_nodes': DEBUGINFOD_URLS=https://debuginfod.ubuntu.com PYTHONPATH=/home/pipi/ros2_projects/workspaces/mobile_robot/mobile_robot_nodes/build/actuator_nodes/prefix_override:/usr/lib/python3/dist-packages/colcon_core/task/python/colcon_distutils_commands:/home/pipi/ros2_projects/workspaces/mobile_robot/mobile_robot_nodes/install/actuator_nodes/lib/python3.12/site-packages:${PYTHONPATH} /usr/bin/python3 -W ignore:setup.py install is deprecated -W ignore:easy_install command is deprecated setup.py develop --editable --build-directory /home/pipi/ros2_projects/workspaces/mobile_robot/mobile_robot_nodes/build/actuator_nodes/build --no-deps symlink_data
[3.954s] Level 1:colcon.colcon_core.shell:create_environment_hook('actuator_nodes', 'pythonpath_develop')
[3.954s] INFO:colcon.colcon_core.shell:Creating environment hook '/home/pipi/ros2_projects/workspaces/mobile_robot/mobile_robot_nodes/build/actuator_nodes/share/actuator_nodes/hook/pythonpath_develop.ps1'
[3.955s] DEBUG:colcon.colcon_core.event_handler.log_command:Invoked command in '/home/pipi/ros2_projects/workspaces/mobile_robot/mobile_robot_nodes/build/actuator_nodes' returned '0': DEBUGINFOD_URLS=https://debuginfod.ubuntu.com PYTHONPATH=/home/pipi/ros2_projects/workspaces/mobile_robot/mobile_robot_nodes/build/actuator_nodes/prefix_override:/usr/lib/python3/dist-packages/colcon_core/task/python/colcon_distutils_commands:/home/pipi/ros2_projects/workspaces/mobile_robot/mobile_robot_nodes/install/actuator_nodes/lib/python3.12/site-packages:${PYTHONPATH} /usr/bin/python3 -W ignore:setup.py install is deprecated -W ignore:easy_install command is deprecated setup.py develop --editable --build-directory /home/pipi/ros2_projects/workspaces/mobile_robot/mobile_robot_nodes/build/actuator_nodes/build --no-deps symlink_data
[3.956s] INFO:colcon.colcon_core.shell:Creating environment descriptor '/home/pipi/ros2_projects/workspaces/mobile_robot/mobile_robot_nodes/build/actuator_nodes/share/actuator_nodes/hook/pythonpath_develop.dsv'
[3.957s] INFO:colcon.colcon_core.shell:Creating environment hook '/home/pipi/ros2_projects/workspaces/mobile_robot/mobile_robot_nodes/build/actuator_nodes/share/actuator_nodes/hook/pythonpath_develop.sh'
[3.964s] Level 1:colcon.colcon_core.environment:checking '/home/pipi/ros2_projects/workspaces/mobile_robot/mobile_robot_nodes/install/actuator_nodes' for CMake module files
[3.964s] Level 1:colcon.colcon_core.environment:checking '/home/pipi/ros2_projects/workspaces/mobile_robot/mobile_robot_nodes/install/actuator_nodes' for CMake config files
[3.965s] Level 1:colcon.colcon_core.environment:checking '/home/pipi/ros2_projects/workspaces/mobile_robot/mobile_robot_nodes/install/actuator_nodes/lib'
[3.966s] Level 1:colcon.colcon_core.environment:checking '/home/pipi/ros2_projects/workspaces/mobile_robot/mobile_robot_nodes/install/actuator_nodes/bin'
[3.966s] Level 1:colcon.colcon_core.environment:checking '/home/pipi/ros2_projects/workspaces/mobile_robot/mobile_robot_nodes/install/actuator_nodes/lib/pkgconfig/actuator_nodes.pc'
[3.966s] Level 1:colcon.colcon_core.environment:checking '/home/pipi/ros2_projects/workspaces/mobile_robot/mobile_robot_nodes/install/actuator_nodes/lib/python3.12/site-packages'
[3.966s] Level 1:colcon.colcon_core.shell:create_environment_hook('actuator_nodes', 'pythonpath')
[3.967s] INFO:colcon.colcon_core.shell:Creating environment hook '/home/pipi/ros2_projects/workspaces/mobile_robot/mobile_robot_nodes/install/actuator_nodes/share/actuator_nodes/hook/pythonpath.ps1'
[3.968s] INFO:colcon.colcon_core.shell:Creating environment descriptor '/home/pipi/ros2_projects/workspaces/mobile_robot/mobile_robot_nodes/install/actuator_nodes/share/actuator_nodes/hook/pythonpath.dsv'
[3.968s] INFO:colcon.colcon_core.shell:Creating environment hook '/home/pipi/ros2_projects/workspaces/mobile_robot/mobile_robot_nodes/install/actuator_nodes/share/actuator_nodes/hook/pythonpath.sh'
[3.969s] Level 1:colcon.colcon_core.environment:checking '/home/pipi/ros2_projects/workspaces/mobile_robot/mobile_robot_nodes/install/actuator_nodes/bin'
[3.969s] Level 1:colcon.colcon_core.environment:create_environment_scripts_only(actuator_nodes)
[3.970s] INFO:colcon.colcon_core.shell:Creating package script '/home/pipi/ros2_projects/workspaces/mobile_robot/mobile_robot_nodes/install/actuator_nodes/share/actuator_nodes/package.ps1'
[3.971s] INFO:colcon.colcon_core.shell:Creating package descriptor '/home/pipi/ros2_projects/workspaces/mobile_robot/mobile_robot_nodes/install/actuator_nodes/share/actuator_nodes/package.dsv'
[3.973s] INFO:colcon.colcon_core.shell:Creating package script '/home/pipi/ros2_projects/workspaces/mobile_robot/mobile_robot_nodes/install/actuator_nodes/share/actuator_nodes/package.sh'
[3.975s] INFO:colcon.colcon_core.shell:Creating package script '/home/pipi/ros2_projects/workspaces/mobile_robot/mobile_robot_nodes/install/actuator_nodes/share/actuator_nodes/package.bash'
[3.978s] INFO:colcon.colcon_core.shell:Creating package script '/home/pipi/ros2_projects/workspaces/mobile_robot/mobile_robot_nodes/install/actuator_nodes/share/actuator_nodes/package.zsh'
[3.980s] Level 1:colcon.colcon_core.environment:create_file_with_runtime_dependencies(/home/pipi/ros2_projects/workspaces/mobile_robot/mobile_robot_nodes/install/actuator_nodes/share/colcon-core/packages/actuator_nodes)
[3.981s] Level 1:colcon.colcon_core.shell:create_environment_hook('computer_vision_nodes', 'pythonpath_develop')
[3.982s] INFO:colcon.colcon_core.shell:Creating environment hook '/home/pipi/ros2_projects/workspaces/mobile_robot/mobile_robot_nodes/build/computer_vision_nodes/share/computer_vision_nodes/hook/pythonpath_develop.ps1'
[3.983s] DEBUG:colcon.colcon_core.event_handler.log_command:Invoked command in '/home/pipi/ros2_projects/workspaces/mobile_robot/mobile_robot_nodes/build/computer_vision_nodes' returned '0': DEBUGINFOD_URLS=https://debuginfod.ubuntu.com PYTHONPATH=/home/pipi/ros2_projects/workspaces/mobile_robot/mobile_robot_nodes/build/computer_vision_nodes/prefix_override:/usr/lib/python3/dist-packages/colcon_core/task/python/colcon_distutils_commands:/home/pipi/ros2_projects/workspaces/mobile_robot/mobile_robot_nodes/install/computer_vision_nodes/lib/python3.12/site-packages:${PYTHONPATH} /usr/bin/python3 -W ignore:setup.py install is deprecated -W ignore:easy_install command is deprecated setup.py develop --editable --build-directory /home/pipi/ros2_projects/workspaces/mobile_robot/mobile_robot_nodes/build/computer_vision_nodes/build --no-deps symlink_data
[3.983s] INFO:colcon.colcon_core.shell:Creating environment descriptor '/home/pipi/ros2_projects/workspaces/mobile_robot/mobile_robot_nodes/build/computer_vision_nodes/share/computer_vision_nodes/hook/pythonpath_develop.dsv'
[3.984s] INFO:colcon.colcon_core.shell:Creating environment hook '/home/pipi/ros2_projects/workspaces/mobile_robot/mobile_robot_nodes/build/computer_vision_nodes/share/computer_vision_nodes/hook/pythonpath_develop.sh'
[3.985s] Level 1:colcon.colcon_core.environment:checking '/home/pipi/ros2_projects/workspaces/mobile_robot/mobile_robot_nodes/install/computer_vision_nodes' for CMake module files
[3.986s] Level 1:colcon.colcon_core.environment:checking '/home/pipi/ros2_projects/workspaces/mobile_robot/mobile_robot_nodes/install/computer_vision_nodes' for CMake config files
[3.986s] Level 1:colcon.colcon_core.environment:checking '/home/pipi/ros2_projects/workspaces/mobile_robot/mobile_robot_nodes/install/computer_vision_nodes/lib'
[3.987s] Level 1:colcon.colcon_core.environment:checking '/home/pipi/ros2_projects/workspaces/mobile_robot/mobile_robot_nodes/install/computer_vision_nodes/bin'
[3.987s] Level 1:colcon.colcon_core.environment:checking '/home/pipi/ros2_projects/workspaces/mobile_robot/mobile_robot_nodes/install/computer_vision_nodes/lib/pkgconfig/computer_vision_nodes.pc'
[3.987s] Level 1:colcon.colcon_core.environment:checking '/home/pipi/ros2_projects/workspaces/mobile_robot/mobile_robot_nodes/install/computer_vision_nodes/lib/python3.12/site-packages'
[3.988s] Level 1:colcon.colcon_core.shell:create_environment_hook('computer_vision_nodes', 'pythonpath')
[3.988s] INFO:colcon.colcon_core.shell:Creating environment hook '/home/pipi/ros2_projects/workspaces/mobile_robot/mobile_robot_nodes/install/computer_vision_nodes/share/computer_vision_nodes/hook/pythonpath.ps1'
[3.989s] INFO:colcon.colcon_core.shell:Creating environment descriptor '/home/pipi/ros2_projects/workspaces/mobile_robot/mobile_robot_nodes/install/computer_vision_nodes/share/computer_vision_nodes/hook/pythonpath.dsv'
[3.990s] INFO:colcon.colcon_core.shell:Creating environment hook '/home/pipi/ros2_projects/workspaces/mobile_robot/mobile_robot_nodes/install/computer_vision_nodes/share/computer_vision_nodes/hook/pythonpath.sh'
[3.991s] Level 1:colcon.colcon_core.environment:checking '/home/pipi/ros2_projects/workspaces/mobile_robot/mobile_robot_nodes/install/computer_vision_nodes/bin'
[3.991s] Level 1:colcon.colcon_core.environment:create_environment_scripts_only(computer_vision_nodes)
[3.992s] INFO:colcon.colcon_core.shell:Creating package script '/home/pipi/ros2_projects/workspaces/mobile_robot/mobile_robot_nodes/install/computer_vision_nodes/share/computer_vision_nodes/package.ps1'
[3.993s] INFO:colcon.colcon_core.shell:Creating package descriptor '/home/pipi/ros2_projects/workspaces/mobile_robot/mobile_robot_nodes/install/computer_vision_nodes/share/computer_vision_nodes/package.dsv'
[3.993s] INFO:colcon.colcon_core.shell:Creating package script '/home/pipi/ros2_projects/workspaces/mobile_robot/mobile_robot_nodes/install/computer_vision_nodes/share/computer_vision_nodes/package.sh'
[3.994s] INFO:colcon.colcon_core.shell:Creating package script '/home/pipi/ros2_projects/workspaces/mobile_robot/mobile_robot_nodes/install/computer_vision_nodes/share/computer_vision_nodes/package.bash'
[3.995s] INFO:colcon.colcon_core.shell:Creating package script '/home/pipi/ros2_projects/workspaces/mobile_robot/mobile_robot_nodes/install/computer_vision_nodes/share/computer_vision_nodes/package.zsh'
[3.995s] Level 1:colcon.colcon_core.environment:create_file_with_runtime_dependencies(/home/pipi/ros2_projects/workspaces/mobile_robot/mobile_robot_nodes/install/computer_vision_nodes/share/colcon-core/packages/computer_vision_nodes)
[3.997s] Level 1:colcon.colcon_core.shell:create_environment_hook('localization_nodes', 'pythonpath_develop')
[3.997s] INFO:colcon.colcon_core.shell:Creating environment hook '/home/pipi/ros2_projects/workspaces/mobile_robot/mobile_robot_nodes/build/localization_nodes/share/localization_nodes/hook/pythonpath_develop.ps1'
[3.998s] DEBUG:colcon.colcon_core.event_handler.log_command:Invoked command in '/home/pipi/ros2_projects/workspaces/mobile_robot/mobile_robot_nodes/build/localization_nodes' returned '0': DEBUGINFOD_URLS=https://debuginfod.ubuntu.com PYTHONPATH=/home/pipi/ros2_projects/workspaces/mobile_robot/mobile_robot_nodes/build/localization_nodes/prefix_override:/usr/lib/python3/dist-packages/colcon_core/task/python/colcon_distutils_commands:/home/pipi/ros2_projects/workspaces/mobile_robot/mobile_robot_nodes/install/localization_nodes/lib/python3.12/site-packages:${PYTHONPATH} /usr/bin/python3 -W ignore:setup.py install is deprecated -W ignore:easy_install command is deprecated setup.py develop --editable --build-directory /home/pipi/ros2_projects/workspaces/mobile_robot/mobile_robot_nodes/build/localization_nodes/build --no-deps symlink_data
[3.998s] INFO:colcon.colcon_core.shell:Creating environment descriptor '/home/pipi/ros2_projects/workspaces/mobile_robot/mobile_robot_nodes/build/localization_nodes/share/localization_nodes/hook/pythonpath_develop.dsv'
[3.999s] INFO:colcon.colcon_core.shell:Creating environment hook '/home/pipi/ros2_projects/workspaces/mobile_robot/mobile_robot_nodes/build/localization_nodes/share/localization_nodes/hook/pythonpath_develop.sh'
[4.000s] Level 1:colcon.colcon_core.environment:checking '/home/pipi/ros2_projects/workspaces/mobile_robot/mobile_robot_nodes/install/localization_nodes' for CMake module files
[4.000s] Level 1:colcon.colcon_core.environment:checking '/home/pipi/ros2_projects/workspaces/mobile_robot/mobile_robot_nodes/install/localization_nodes' for CMake config files
[4.001s] Level 1:colcon.colcon_core.environment:checking '/home/pipi/ros2_projects/workspaces/mobile_robot/mobile_robot_nodes/install/localization_nodes/lib'
[4.001s] Level 1:colcon.colcon_core.environment:checking '/home/pipi/ros2_projects/workspaces/mobile_robot/mobile_robot_nodes/install/localization_nodes/bin'
[4.001s] Level 1:colcon.colcon_core.environment:checking '/home/pipi/ros2_projects/workspaces/mobile_robot/mobile_robot_nodes/install/localization_nodes/lib/pkgconfig/localization_nodes.pc'
[4.002s] Level 1:colcon.colcon_core.environment:checking '/home/pipi/ros2_projects/workspaces/mobile_robot/mobile_robot_nodes/install/localization_nodes/lib/python3.12/site-packages'
[4.002s] Level 1:colcon.colcon_core.shell:create_environment_hook('localization_nodes', 'pythonpath')
[4.002s] INFO:colcon.colcon_core.shell:Creating environment hook '/home/pipi/ros2_projects/workspaces/mobile_robot/mobile_robot_nodes/install/localization_nodes/share/localization_nodes/hook/pythonpath.ps1'
[4.003s] INFO:colcon.colcon_core.shell:Creating environment descriptor '/home/pipi/ros2_projects/workspaces/mobile_robot/mobile_robot_nodes/install/localization_nodes/share/localization_nodes/hook/pythonpath.dsv'
[4.004s] INFO:colcon.colcon_core.shell:Creating environment hook '/home/pipi/ros2_projects/workspaces/mobile_robot/mobile_robot_nodes/install/localization_nodes/share/localization_nodes/hook/pythonpath.sh'
[4.005s] Level 1:colcon.colcon_core.environment:checking '/home/pipi/ros2_projects/workspaces/mobile_robot/mobile_robot_nodes/install/localization_nodes/bin'
[4.005s] Level 1:colcon.colcon_core.environment:create_environment_scripts_only(localization_nodes)
[4.005s] INFO:colcon.colcon_core.shell:Creating package script '/home/pipi/ros2_projects/workspaces/mobile_robot/mobile_robot_nodes/install/localization_nodes/share/localization_nodes/package.ps1'
[4.006s] INFO:colcon.colcon_core.shell:Creating package descriptor '/home/pipi/ros2_projects/workspaces/mobile_robot/mobile_robot_nodes/install/localization_nodes/share/localization_nodes/package.dsv'
[4.007s] INFO:colcon.colcon_core.shell:Creating package script '/home/pipi/ros2_projects/workspaces/mobile_robot/mobile_robot_nodes/install/localization_nodes/share/localization_nodes/package.sh'
[4.008s] INFO:colcon.colcon_core.shell:Creating package script '/home/pipi/ros2_projects/workspaces/mobile_robot/mobile_robot_nodes/install/localization_nodes/share/localization_nodes/package.bash'
[4.009s] INFO:colcon.colcon_core.shell:Creating package script '/home/pipi/ros2_projects/workspaces/mobile_robot/mobile_robot_nodes/install/localization_nodes/share/localization_nodes/package.zsh'
[4.010s] Level 1:colcon.colcon_core.environment:create_file_with_runtime_dependencies(/home/pipi/ros2_projects/workspaces/mobile_robot/mobile_robot_nodes/install/localization_nodes/share/colcon-core/packages/localization_nodes)
[4.010s] DEBUG:colcon.colcon_parallel_executor.executor.parallel:closing loop
[4.010s] DEBUG:colcon.colcon_parallel_executor.executor.parallel:loop closed
[4.011s] DEBUG:colcon.colcon_parallel_executor.executor.parallel:run_until_complete finished with '0'
[4.011s] DEBUG:colcon.colcon_core.event_reactor:joining thread
[4.028s] INFO:colcon.colcon_core.plugin_system:Skipping extension 'colcon_notification.desktop_notification.terminal_notifier': Not used on non-Darwin systems
[4.028s] INFO:colcon.colcon_core.plugin_system:Skipping extension 'colcon_notification.desktop_notification.win32': Not used on non-Windows systems
[4.028s] INFO:colcon.colcon_notification.desktop_notification:Sending desktop notification using 'notify2'
[4.033s] DEBUG:colcon.colcon_notification.desktop_notification.notify2:Failed to initialize notify2: org.freedesktop.DBus.Error.ServiceUnknown: The name org.freedesktop.Notifications was not provided by any .service files
[4.034s] DEBUG:colcon.colcon_core.event_reactor:joined thread
[4.034s] INFO:colcon.colcon_core.shell:Creating prefix script '/home/pipi/ros2_projects/workspaces/mobile_robot/mobile_robot_nodes/install/local_setup.ps1'
[4.036s] INFO:colcon.colcon_core.shell:Creating prefix util module '/home/pipi/ros2_projects/workspaces/mobile_robot/mobile_robot_nodes/install/_local_setup_util_ps1.py'
[4.039s] INFO:colcon.colcon_core.shell:Creating prefix chain script '/home/pipi/ros2_projects/workspaces/mobile_robot/mobile_robot_nodes/install/setup.ps1'
[4.041s] INFO:colcon.colcon_core.shell:Creating prefix script '/home/pipi/ros2_projects/workspaces/mobile_robot/mobile_robot_nodes/install/local_setup.sh'
[4.043s] INFO:colcon.colcon_core.shell:Creating prefix util module '/home/pipi/ros2_projects/workspaces/mobile_robot/mobile_robot_nodes/install/_local_setup_util_sh.py'
[4.044s] INFO:colcon.colcon_core.shell:Creating prefix chain script '/home/pipi/ros2_projects/workspaces/mobile_robot/mobile_robot_nodes/install/setup.sh'
[4.046s] INFO:colcon.colcon_core.shell:Creating prefix script '/home/pipi/ros2_projects/workspaces/mobile_robot/mobile_robot_nodes/install/local_setup.bash'
[4.048s] INFO:colcon.colcon_core.shell:Creating prefix chain script '/home/pipi/ros2_projects/workspaces/mobile_robot/mobile_robot_nodes/install/setup.bash'
[4.051s] INFO:colcon.colcon_core.shell:Creating prefix script '/home/pipi/ros2_projects/workspaces/mobile_robot/mobile_robot_nodes/install/local_setup.zsh'
[4.053s] INFO:colcon.colcon_core.shell:Creating prefix chain script '/home/pipi/ros2_projects/workspaces/mobile_robot/mobile_robot_nodes/install/setup.zsh'
