running develop
Removing /home/bluelobster/ros2_projects/workspaces/MQP2025-educational-mobile-robot/computer_nodes/install/robot_control/lib/python3.12/site-packages/robot-control.egg-link (link to .)
running egg_info
writing ../../build/robot_control/robot_control.egg-info/PKG-INFO
writing dependency_links to ../../build/robot_control/robot_control.egg-info/dependency_links.txt
writing entry points to ../../build/robot_control/robot_control.egg-info/entry_points.txt
writing requirements to ../../build/robot_control/robot_control.egg-info/requires.txt
writing top-level names to ../../build/robot_control/robot_control.egg-info/top_level.txt
reading manifest file '../../build/robot_control/robot_control.egg-info/SOURCES.txt'
adding license file 'LICENSE'
writing manifest file '../../build/robot_control/robot_control.egg-info/SOURCES.txt'
running build
running build_py
creating /home/bluelobster/ros2_projects/workspaces/MQP2025-educational-mobile-robot/computer_nodes/build/robot_control/build
creating /home/bluelobster/ros2_projects/workspaces/MQP2025-educational-mobile-robot/computer_nodes/build/robot_control/build/lib
creating /home/bluelobster/ros2_projects/workspaces/MQP2025-educational-mobile-robot/computer_nodes/build/robot_control/build/lib/robot_control
copying robot_control/chassis_control.py -> /home/bluelobster/ros2_projects/workspaces/MQP2025-educational-mobile-robot/computer_nodes/build/robot_control/build/lib/robot_control
copying robot_control/imu_test_plot.py -> /home/bluelobster/ros2_projects/workspaces/MQP2025-educational-mobile-robot/computer_nodes/build/robot_control/build/lib/robot_control
copying robot_control/gimbal_control.py -> /home/bluelobster/ros2_projects/workspaces/MQP2025-educational-mobile-robot/computer_nodes/build/robot_control/build/lib/robot_control
copying robot_control/imu_processing.py -> /home/bluelobster/ros2_projects/workspaces/MQP2025-educational-mobile-robot/computer_nodes/build/robot_control/build/lib/robot_control
copying robot_control/__init__.py -> /home/bluelobster/ros2_projects/workspaces/MQP2025-educational-mobile-robot/computer_nodes/build/robot_control/build/lib/robot_control
running install
running install_lib
creating /home/bluelobster/ros2_projects/workspaces/MQP2025-educational-mobile-robot/computer_nodes/install/robot_control/lib/python3.12/site-packages/robot_control
copying /home/bluelobster/ros2_projects/workspaces/MQP2025-educational-mobile-robot/computer_nodes/build/robot_control/build/lib/robot_control/chassis_control.py -> /home/bluelobster/ros2_projects/workspaces/MQP2025-educational-mobile-robot/computer_nodes/install/robot_control/lib/python3.12/site-packages/robot_control
copying /home/bluelobster/ros2_projects/workspaces/MQP2025-educational-mobile-robot/computer_nodes/build/robot_control/build/lib/robot_control/imu_test_plot.py -> /home/bluelobster/ros2_projects/workspaces/MQP2025-educational-mobile-robot/computer_nodes/install/robot_control/lib/python3.12/site-packages/robot_control
copying /home/bluelobster/ros2_projects/workspaces/MQP2025-educational-mobile-robot/computer_nodes/build/robot_control/build/lib/robot_control/gimbal_control.py -> /home/bluelobster/ros2_projects/workspaces/MQP2025-educational-mobile-robot/computer_nodes/install/robot_control/lib/python3.12/site-packages/robot_control
copying /home/bluelobster/ros2_projects/workspaces/MQP2025-educational-mobile-robot/computer_nodes/build/robot_control/build/lib/robot_control/imu_processing.py -> /home/bluelobster/ros2_projects/workspaces/MQP2025-educational-mobile-robot/computer_nodes/install/robot_control/lib/python3.12/site-packages/robot_control
copying /home/bluelobster/ros2_projects/workspaces/MQP2025-educational-mobile-robot/computer_nodes/build/robot_control/build/lib/robot_control/__init__.py -> /home/bluelobster/ros2_projects/workspaces/MQP2025-educational-mobile-robot/computer_nodes/install/robot_control/lib/python3.12/site-packages/robot_control
byte-compiling /home/bluelobster/ros2_projects/workspaces/MQP2025-educational-mobile-robot/computer_nodes/install/robot_control/lib/python3.12/site-packages/robot_control/chassis_control.py to chassis_control.cpython-312.pyc
byte-compiling /home/bluelobster/ros2_projects/workspaces/MQP2025-educational-mobile-robot/computer_nodes/install/robot_control/lib/python3.12/site-packages/robot_control/imu_test_plot.py to imu_test_plot.cpython-312.pyc
byte-compiling /home/bluelobster/ros2_projects/workspaces/MQP2025-educational-mobile-robot/computer_nodes/install/robot_control/lib/python3.12/site-packages/robot_control/gimbal_control.py to gimbal_control.cpython-312.pyc
byte-compiling /home/bluelobster/ros2_projects/workspaces/MQP2025-educational-mobile-robot/computer_nodes/install/robot_control/lib/python3.12/site-packages/robot_control/imu_processing.py to imu_processing.cpython-312.pyc
byte-compiling /home/bluelobster/ros2_projects/workspaces/MQP2025-educational-mobile-robot/computer_nodes/install/robot_control/lib/python3.12/site-packages/robot_control/__init__.py to __init__.cpython-312.pyc
running install_data
copying resource/robot_control -> /home/bluelobster/ros2_projects/workspaces/MQP2025-educational-mobile-robot/computer_nodes/install/robot_control/share/ament_index/resource_index/packages
copying package.xml -> /home/bluelobster/ros2_projects/workspaces/MQP2025-educational-mobile-robot/computer_nodes/install/robot_control/share/robot_control
running install_egg_info
Copying ../../build/robot_control/robot_control.egg-info to /home/bluelobster/ros2_projects/workspaces/MQP2025-educational-mobile-robot/computer_nodes/install/robot_control/lib/python3.12/site-packages/robot_control-0.0.0-py3.12.egg-info
running install_scripts
Installing chassis_control script to /home/bluelobster/ros2_projects/workspaces/MQP2025-educational-mobile-robot/computer_nodes/install/robot_control/lib/robot_control
Installing gimbal_control script to /home/bluelobster/ros2_projects/workspaces/MQP2025-educational-mobile-robot/computer_nodes/install/robot_control/lib/robot_control
Installing imu_processing script to /home/bluelobster/ros2_projects/workspaces/MQP2025-educational-mobile-robot/computer_nodes/install/robot_control/lib/robot_control
Installing imu_test_plot script to /home/bluelobster/ros2_projects/workspaces/MQP2025-educational-mobile-robot/computer_nodes/install/robot_control/lib/robot_control
writing list of installed files to '/home/bluelobster/ros2_projects/workspaces/MQP2025-educational-mobile-robot/computer_nodes/build/robot_control/install.log'
