[0.653s] Invoking command in '/home/bluelobster/ros2_projects/workspaces/MQP2025-educational-mobile-robot/computer_nodes/build/robot_control': DEBUGINFOD_URLS=https://debuginfod.ubuntu.com PYTHONPATH=/home/bluelobster/ros2_projects/workspaces/MQP2025-educational-mobile-robot/computer_nodes/build/robot_control/prefix_override:/usr/lib/python3/dist-packages/colcon_core/task/python/colcon_distutils_commands:/home/bluelobster/ros2_projects/workspaces/MQP2025-educational-mobile-robot/computer_nodes/install/robot_control/lib/python3.12/site-packages:${PYTHONPATH} /usr/bin/python3 -W ignore:setup.py install is deprecated -W ignore:easy_install command is deprecated setup.py develop --uninstall --editable --build-directory /home/bluelobster/ros2_projects/workspaces/MQP2025-educational-mobile-robot/computer_nodes/build/robot_control/build
[0.888s] running develop
[1.021s] Removing /home/bluelobster/ros2_projects/workspaces/MQP2025-educational-mobile-robot/computer_nodes/install/robot_control/lib/python3.12/site-packages/robot-control.egg-link (link to .)
[1.071s] Invoked command in '/home/bluelobster/ros2_projects/workspaces/MQP2025-educational-mobile-robot/computer_nodes/build/robot_control' returned '0': DEBUGINFOD_URLS=https://debuginfod.ubuntu.com PYTHONPATH=/home/bluelobster/ros2_projects/workspaces/MQP2025-educational-mobile-robot/computer_nodes/build/robot_control/prefix_override:/usr/lib/python3/dist-packages/colcon_core/task/python/colcon_distutils_commands:/home/bluelobster/ros2_projects/workspaces/MQP2025-educational-mobile-robot/computer_nodes/install/robot_control/lib/python3.12/site-packages:${PYTHONPATH} /usr/bin/python3 -W ignore:setup.py install is deprecated -W ignore:easy_install command is deprecated setup.py develop --uninstall --editable --build-directory /home/bluelobster/ros2_projects/workspaces/MQP2025-educational-mobile-robot/computer_nodes/build/robot_control/build
[1.080s] Invoking command in '/home/bluelobster/ros2_projects/workspaces/MQP2025-educational-mobile-robot/computer_nodes/src/robot_control': DEBUGINFOD_URLS=https://debuginfod.ubuntu.com PYTHONPATH=/home/bluelobster/ros2_projects/workspaces/MQP2025-educational-mobile-robot/computer_nodes/build/robot_control/prefix_override:/usr/lib/python3/dist-packages/colcon_core/task/python/colcon_distutils_commands:/home/bluelobster/ros2_projects/workspaces/MQP2025-educational-mobile-robot/computer_nodes/install/robot_control/lib/python3.12/site-packages:${PYTHONPATH} /usr/bin/python3 -W ignore:setup.py install is deprecated -W ignore:easy_install command is deprecated setup.py egg_info --egg-base ../../build/robot_control build --build-base /home/bluelobster/ros2_projects/workspaces/MQP2025-educational-mobile-robot/computer_nodes/build/robot_control/build install --record /home/bluelobster/ros2_projects/workspaces/MQP2025-educational-mobile-robot/computer_nodes/build/robot_control/install.log --single-version-externally-managed install_data --force
[1.282s] running egg_info
[1.297s] writing ../../build/robot_control/robot_control.egg-info/PKG-INFO
[1.297s] writing dependency_links to ../../build/robot_control/robot_control.egg-info/dependency_links.txt
[1.297s] writing entry points to ../../build/robot_control/robot_control.egg-info/entry_points.txt
[1.297s] writing requirements to ../../build/robot_control/robot_control.egg-info/requires.txt
[1.297s] writing top-level names to ../../build/robot_control/robot_control.egg-info/top_level.txt
[1.324s] reading manifest file '../../build/robot_control/robot_control.egg-info/SOURCES.txt'
[1.324s] adding license file 'LICENSE'
[1.324s] writing manifest file '../../build/robot_control/robot_control.egg-info/SOURCES.txt'
[1.325s] running build
[1.325s] running build_py
[1.325s] creating /home/bluelobster/ros2_projects/workspaces/MQP2025-educational-mobile-robot/computer_nodes/build/robot_control/build
[1.325s] creating /home/bluelobster/ros2_projects/workspaces/MQP2025-educational-mobile-robot/computer_nodes/build/robot_control/build/lib
[1.325s] creating /home/bluelobster/ros2_projects/workspaces/MQP2025-educational-mobile-robot/computer_nodes/build/robot_control/build/lib/robot_control
[1.325s] copying robot_control/chassis_control.py -> /home/bluelobster/ros2_projects/workspaces/MQP2025-educational-mobile-robot/computer_nodes/build/robot_control/build/lib/robot_control
[1.325s] copying robot_control/imu_test_plot.py -> /home/bluelobster/ros2_projects/workspaces/MQP2025-educational-mobile-robot/computer_nodes/build/robot_control/build/lib/robot_control
[1.326s] copying robot_control/gimbal_control.py -> /home/bluelobster/ros2_projects/workspaces/MQP2025-educational-mobile-robot/computer_nodes/build/robot_control/build/lib/robot_control
[1.326s] copying robot_control/imu_processing.py -> /home/bluelobster/ros2_projects/workspaces/MQP2025-educational-mobile-robot/computer_nodes/build/robot_control/build/lib/robot_control
[1.326s] copying robot_control/__init__.py -> /home/bluelobster/ros2_projects/workspaces/MQP2025-educational-mobile-robot/computer_nodes/build/robot_control/build/lib/robot_control
[1.326s] running install
[1.331s] running install_lib
[1.345s] creating /home/bluelobster/ros2_projects/workspaces/MQP2025-educational-mobile-robot/computer_nodes/install/robot_control/lib/python3.12/site-packages/robot_control
[1.345s] copying /home/bluelobster/ros2_projects/workspaces/MQP2025-educational-mobile-robot/computer_nodes/build/robot_control/build/lib/robot_control/chassis_control.py -> /home/bluelobster/ros2_projects/workspaces/MQP2025-educational-mobile-robot/computer_nodes/install/robot_control/lib/python3.12/site-packages/robot_control
[1.345s] copying /home/bluelobster/ros2_projects/workspaces/MQP2025-educational-mobile-robot/computer_nodes/build/robot_control/build/lib/robot_control/imu_test_plot.py -> /home/bluelobster/ros2_projects/workspaces/MQP2025-educational-mobile-robot/computer_nodes/install/robot_control/lib/python3.12/site-packages/robot_control
[1.345s] copying /home/bluelobster/ros2_projects/workspaces/MQP2025-educational-mobile-robot/computer_nodes/build/robot_control/build/lib/robot_control/gimbal_control.py -> /home/bluelobster/ros2_projects/workspaces/MQP2025-educational-mobile-robot/computer_nodes/install/robot_control/lib/python3.12/site-packages/robot_control
[1.345s] copying /home/bluelobster/ros2_projects/workspaces/MQP2025-educational-mobile-robot/computer_nodes/build/robot_control/build/lib/robot_control/imu_processing.py -> /home/bluelobster/ros2_projects/workspaces/MQP2025-educational-mobile-robot/computer_nodes/install/robot_control/lib/python3.12/site-packages/robot_control
[1.345s] copying /home/bluelobster/ros2_projects/workspaces/MQP2025-educational-mobile-robot/computer_nodes/build/robot_control/build/lib/robot_control/__init__.py -> /home/bluelobster/ros2_projects/workspaces/MQP2025-educational-mobile-robot/computer_nodes/install/robot_control/lib/python3.12/site-packages/robot_control
[1.345s] byte-compiling /home/bluelobster/ros2_projects/workspaces/MQP2025-educational-mobile-robot/computer_nodes/install/robot_control/lib/python3.12/site-packages/robot_control/chassis_control.py to chassis_control.cpython-312.pyc
[1.346s] byte-compiling /home/bluelobster/ros2_projects/workspaces/MQP2025-educational-mobile-robot/computer_nodes/install/robot_control/lib/python3.12/site-packages/robot_control/imu_test_plot.py to imu_test_plot.cpython-312.pyc
[1.346s] byte-compiling /home/bluelobster/ros2_projects/workspaces/MQP2025-educational-mobile-robot/computer_nodes/install/robot_control/lib/python3.12/site-packages/robot_control/gimbal_control.py to gimbal_control.cpython-312.pyc
[1.347s] byte-compiling /home/bluelobster/ros2_projects/workspaces/MQP2025-educational-mobile-robot/computer_nodes/install/robot_control/lib/python3.12/site-packages/robot_control/imu_processing.py to imu_processing.cpython-312.pyc
[1.348s] byte-compiling /home/bluelobster/ros2_projects/workspaces/MQP2025-educational-mobile-robot/computer_nodes/install/robot_control/lib/python3.12/site-packages/robot_control/__init__.py to __init__.cpython-312.pyc
[1.348s] running install_data
[1.348s] copying resource/robot_control -> /home/bluelobster/ros2_projects/workspaces/MQP2025-educational-mobile-robot/computer_nodes/install/robot_control/share/ament_index/resource_index/packages
[1.348s] copying package.xml -> /home/bluelobster/ros2_projects/workspaces/MQP2025-educational-mobile-robot/computer_nodes/install/robot_control/share/robot_control
[1.348s] running install_egg_info
[1.363s] Copying ../../build/robot_control/robot_control.egg-info to /home/bluelobster/ros2_projects/workspaces/MQP2025-educational-mobile-robot/computer_nodes/install/robot_control/lib/python3.12/site-packages/robot_control-0.0.0-py3.12.egg-info
[1.363s] running install_scripts
[1.462s] Installing chassis_control script to /home/bluelobster/ros2_projects/workspaces/MQP2025-educational-mobile-robot/computer_nodes/install/robot_control/lib/robot_control
[1.462s] Installing gimbal_control script to /home/bluelobster/ros2_projects/workspaces/MQP2025-educational-mobile-robot/computer_nodes/install/robot_control/lib/robot_control
[1.462s] Installing imu_processing script to /home/bluelobster/ros2_projects/workspaces/MQP2025-educational-mobile-robot/computer_nodes/install/robot_control/lib/robot_control
[1.462s] Installing imu_test_plot script to /home/bluelobster/ros2_projects/workspaces/MQP2025-educational-mobile-robot/computer_nodes/install/robot_control/lib/robot_control
[1.462s] writing list of installed files to '/home/bluelobster/ros2_projects/workspaces/MQP2025-educational-mobile-robot/computer_nodes/build/robot_control/install.log'
[1.491s] Invoked command in '/home/bluelobster/ros2_projects/workspaces/MQP2025-educational-mobile-robot/computer_nodes/src/robot_control' returned '0': DEBUGINFOD_URLS=https://debuginfod.ubuntu.com PYTHONPATH=/home/bluelobster/ros2_projects/workspaces/MQP2025-educational-mobile-robot/computer_nodes/build/robot_control/prefix_override:/usr/lib/python3/dist-packages/colcon_core/task/python/colcon_distutils_commands:/home/bluelobster/ros2_projects/workspaces/MQP2025-educational-mobile-robot/computer_nodes/install/robot_control/lib/python3.12/site-packages:${PYTHONPATH} /usr/bin/python3 -W ignore:setup.py install is deprecated -W ignore:easy_install command is deprecated setup.py egg_info --egg-base ../../build/robot_control build --build-base /home/bluelobster/ros2_projects/workspaces/MQP2025-educational-mobile-robot/computer_nodes/build/robot_control/build install --record /home/bluelobster/ros2_projects/workspaces/MQP2025-educational-mobile-robot/computer_nodes/build/robot_control/install.log --single-version-externally-managed install_data --force
