[1.095s] Invoking command in '/home/bluelobster/ros2_projects/workspaces/MQP2025-educational-mobile-robot/computer_nodes/build/robot_control': DEBUGINFOD_URLS=https://debuginfod.ubuntu.com PYTHONPATH=/home/bluelobster/ros2_projects/workspaces/MQP2025-educational-mobile-robot/computer_nodes/build/robot_control/prefix_override:/usr/lib/python3/dist-packages/colcon_core/task/python/colcon_distutils_commands:/home/bluelobster/ros2_projects/workspaces/MQP2025-educational-mobile-robot/computer_nodes/install/robot_control/lib/python3.12/site-packages:${PYTHONPATH} /usr/bin/python3 -W ignore:setup.py install is deprecated -W ignore:easy_install command is deprecated setup.py develop --editable --build-directory /home/bluelobster/ros2_projects/workspaces/MQP2025-educational-mobile-robot/computer_nodes/build/robot_control/build --no-deps symlink_data
[1.403s] running develop
[1.568s] running egg_info
[1.568s] creating robot_control.egg-info
[1.581s] writing robot_control.egg-info/PKG-INFO
[1.581s] writing dependency_links to robot_control.egg-info/dependency_links.txt
[1.582s] writing entry points to robot_control.egg-info/entry_points.txt
[1.582s] writing requirements to robot_control.egg-info/requires.txt
[1.582s] writing top-level names to robot_control.egg-info/top_level.txt
[1.582s] writing manifest file 'robot_control.egg-info/SOURCES.txt'
[1.611s] reading manifest file 'robot_control.egg-info/SOURCES.txt'
[1.611s] writing manifest file 'robot_control.egg-info/SOURCES.txt'
[1.635s] running build_ext
[1.635s] Creating /home/bluelobster/ros2_projects/workspaces/MQP2025-educational-mobile-robot/computer_nodes/install/robot_control/lib/python3.12/site-packages/robot-control.egg-link (link to .)
[1.636s] Installing chassis_control script to /home/bluelobster/ros2_projects/workspaces/MQP2025-educational-mobile-robot/computer_nodes/install/robot_control/lib/robot_control
[1.636s] Installing gimbal_control script to /home/bluelobster/ros2_projects/workspaces/MQP2025-educational-mobile-robot/computer_nodes/install/robot_control/lib/robot_control
[1.637s] Installing imu_processing script to /home/bluelobster/ros2_projects/workspaces/MQP2025-educational-mobile-robot/computer_nodes/install/robot_control/lib/robot_control
[1.637s] Installing imu_test_plot script to /home/bluelobster/ros2_projects/workspaces/MQP2025-educational-mobile-robot/computer_nodes/install/robot_control/lib/robot_control
[1.637s] 
[1.637s] Installed /home/bluelobster/ros2_projects/workspaces/MQP2025-educational-mobile-robot/computer_nodes/build/robot_control
[1.637s] running symlink_data
[1.637s] creating /home/bluelobster/ros2_projects/workspaces/MQP2025-educational-mobile-robot/computer_nodes/install/robot_control/share/ament_index
[1.637s] creating /home/bluelobster/ros2_projects/workspaces/MQP2025-educational-mobile-robot/computer_nodes/install/robot_control/share/ament_index/resource_index
[1.638s] creating /home/bluelobster/ros2_projects/workspaces/MQP2025-educational-mobile-robot/computer_nodes/install/robot_control/share/ament_index/resource_index/packages
[1.638s] symbolically linking /home/bluelobster/ros2_projects/workspaces/MQP2025-educational-mobile-robot/computer_nodes/build/robot_control/resource/robot_control -> /home/bluelobster/ros2_projects/workspaces/MQP2025-educational-mobile-robot/computer_nodes/install/robot_control/share/ament_index/resource_index/packages
[1.638s] symbolically linking /home/bluelobster/ros2_projects/workspaces/MQP2025-educational-mobile-robot/computer_nodes/build/robot_control/package.xml -> /home/bluelobster/ros2_projects/workspaces/MQP2025-educational-mobile-robot/computer_nodes/install/robot_control/share/robot_control
[1.759s] Invoked command in '/home/bluelobster/ros2_projects/workspaces/MQP2025-educational-mobile-robot/computer_nodes/build/robot_control' returned '0': DEBUGINFOD_URLS=https://debuginfod.ubuntu.com PYTHONPATH=/home/bluelobster/ros2_projects/workspaces/MQP2025-educational-mobile-robot/computer_nodes/build/robot_control/prefix_override:/usr/lib/python3/dist-packages/colcon_core/task/python/colcon_distutils_commands:/home/bluelobster/ros2_projects/workspaces/MQP2025-educational-mobile-robot/computer_nodes/install/robot_control/lib/python3.12/site-packages:${PYTHONPATH} /usr/bin/python3 -W ignore:setup.py install is deprecated -W ignore:easy_install command is deprecated setup.py develop --editable --build-directory /home/bluelobster/ros2_projects/workspaces/MQP2025-educational-mobile-robot/computer_nodes/build/robot_control/build --no-deps symlink_data
