[0.159s] DEBUG:colcon:Command line arguments: ['/usr/bin/colcon', 'build', '--symlink-install']
[0.160s] DEBUG:colcon:Parsed command line arguments: Namespace(log_base=None, log_level=None, verb_name='build', build_base='build', install_base='install', merge_install=False, symlink_install=True, test_result_base=None, continue_on_error=False, executor='parallel', parallel_workers=4, event_handlers=None, ignore_user_meta=False, metas=['./colcon.meta'], base_paths=['.'], packages_ignore=None, packages_ignore_regex=None, paths=None, packages_up_to=None, packages_up_to_regex=None, packages_above=None, packages_above_and_dependencies=None, packages_above_depth=None, packages_select_by_dep=None, packages_skip_by_dep=None, packages_skip_up_to=None, packages_select_build_failed=False, packages_skip_build_finished=False, packages_select_test_failures=False, packages_skip_test_passed=False, packages_select=None, packages_skip=None, packages_select_regex=None, packages_skip_regex=None, packages_start=None, packages_end=None, allow_overriding=[], cmake_args=None, cmake_target=None, cmake_target_skip_unavailable=False, cmake_clean_cache=False, cmake_clean_first=False, cmake_force_configure=False, ament_cmake_args=None, catkin_cmake_args=None, catkin_skip_building_tests=False, mixin_files=None, mixin=None, verb_parser=<colcon_mixin.mixin.mixin_argument.MixinArgumentDecorator object at 0xffff9eb32330>, verb_extension=<colcon_core.verb.build.BuildVerb object at 0xffff9ecf2c30>, main=<bound method BuildVerb.main of <colcon_core.verb.build.BuildVerb object at 0xffff9ecf2c30>>, mixin_verb=('build',))
[0.216s] Level 1:colcon.colcon_core.package_discovery:discover_packages(colcon_meta) check parameters
[0.216s] Level 1:colcon.colcon_core.package_discovery:discover_packages(recursive) check parameters
[0.216s] Level 1:colcon.colcon_core.package_discovery:discover_packages(ignore) check parameters
[0.216s] Level 1:colcon.colcon_core.package_discovery:discover_packages(path) check parameters
[0.216s] Level 1:colcon.colcon_core.package_discovery:discover_packages(colcon_meta) discover
[0.216s] Level 1:colcon.colcon_core.package_discovery:discover_packages(recursive) discover
[0.216s] INFO:colcon.colcon_core.package_discovery:Crawling recursively for packages in '/home/pipi/ros2_projects/workspaces/mobile_robot/mobile_robot_nodes'
[0.216s] Level 1:colcon.colcon_core.package_identification:_identify(.) by extensions ['ignore', 'ignore_ament_install']
[0.216s] Level 1:colcon.colcon_core.package_identification:_identify(.) by extension 'ignore'
[0.217s] Level 1:colcon.colcon_core.package_identification:_identify(.) by extension 'ignore_ament_install'
[0.217s] Level 1:colcon.colcon_core.package_identification:_identify(.) by extensions ['colcon_pkg']
[0.217s] Level 1:colcon.colcon_core.package_identification:_identify(.) by extension 'colcon_pkg'
[0.217s] Level 1:colcon.colcon_core.package_identification:_identify(.) by extensions ['colcon_meta']
[0.217s] Level 1:colcon.colcon_core.package_identification:_identify(.) by extension 'colcon_meta'
[0.217s] Level 1:colcon.colcon_core.package_identification:_identify(.) by extensions ['ros']
[0.217s] Level 1:colcon.colcon_core.package_identification:_identify(.) by extension 'ros'
[0.256s] Level 1:colcon.colcon_core.package_identification:_identify(.) by extensions ['cmake', 'python']
[0.256s] Level 1:colcon.colcon_core.package_identification:_identify(.) by extension 'cmake'
[0.256s] Level 1:colcon.colcon_core.package_identification:_identify(.) by extension 'python'
[0.256s] Level 1:colcon.colcon_core.package_identification:_identify(.) by extensions ['python_setup_py']
[0.256s] Level 1:colcon.colcon_core.package_identification:_identify(.) by extension 'python_setup_py'
[0.256s] Level 1:colcon.colcon_core.package_identification:_identify(build) by extensions ['ignore', 'ignore_ament_install']
[0.257s] Level 1:colcon.colcon_core.package_identification:_identify(build) by extension 'ignore'
[0.257s] Level 1:colcon.colcon_core.package_identification:_identify(build) ignored
[0.257s] Level 1:colcon.colcon_core.package_identification:_identify(install) by extensions ['ignore', 'ignore_ament_install']
[0.257s] Level 1:colcon.colcon_core.package_identification:_identify(install) by extension 'ignore'
[0.257s] Level 1:colcon.colcon_core.package_identification:_identify(install) ignored
[0.257s] Level 1:colcon.colcon_core.package_identification:_identify(log) by extensions ['ignore', 'ignore_ament_install']
[0.257s] Level 1:colcon.colcon_core.package_identification:_identify(log) by extension 'ignore'
[0.257s] Level 1:colcon.colcon_core.package_identification:_identify(log) ignored
[0.257s] Level 1:colcon.colcon_core.package_identification:_identify(src) by extensions ['ignore', 'ignore_ament_install']
[0.258s] Level 1:colcon.colcon_core.package_identification:_identify(src) by extension 'ignore'
[0.258s] Level 1:colcon.colcon_core.package_identification:_identify(src) by extension 'ignore_ament_install'
[0.258s] Level 1:colcon.colcon_core.package_identification:_identify(src) by extensions ['colcon_pkg']
[0.258s] Level 1:colcon.colcon_core.package_identification:_identify(src) by extension 'colcon_pkg'
[0.258s] Level 1:colcon.colcon_core.package_identification:_identify(src) by extensions ['colcon_meta']
[0.258s] Level 1:colcon.colcon_core.package_identification:_identify(src) by extension 'colcon_meta'
[0.258s] Level 1:colcon.colcon_core.package_identification:_identify(src) by extensions ['ros']
[0.258s] Level 1:colcon.colcon_core.package_identification:_identify(src) by extension 'ros'
[0.258s] Level 1:colcon.colcon_core.package_identification:_identify(src) by extensions ['cmake', 'python']
[0.258s] Level 1:colcon.colcon_core.package_identification:_identify(src) by extension 'cmake'
[0.258s] Level 1:colcon.colcon_core.package_identification:_identify(src) by extension 'python'
[0.258s] Level 1:colcon.colcon_core.package_identification:_identify(src) by extensions ['python_setup_py']
[0.258s] Level 1:colcon.colcon_core.package_identification:_identify(src) by extension 'python_setup_py'
[0.258s] Level 1:colcon.colcon_core.package_identification:_identify(src/actuator_nodes) by extensions ['ignore', 'ignore_ament_install']
[0.258s] Level 1:colcon.colcon_core.package_identification:_identify(src/actuator_nodes) by extension 'ignore'
[0.258s] Level 1:colcon.colcon_core.package_identification:_identify(src/actuator_nodes) by extension 'ignore_ament_install'
[0.258s] Level 1:colcon.colcon_core.package_identification:_identify(src/actuator_nodes) by extensions ['colcon_pkg']
[0.258s] Level 1:colcon.colcon_core.package_identification:_identify(src/actuator_nodes) by extension 'colcon_pkg'
[0.259s] Level 1:colcon.colcon_core.package_identification:_identify(src/actuator_nodes) by extensions ['colcon_meta']
[0.259s] Level 1:colcon.colcon_core.package_identification:_identify(src/actuator_nodes) by extension 'colcon_meta'
[0.259s] Level 1:colcon.colcon_core.package_identification:_identify(src/actuator_nodes) by extensions ['ros']
[0.259s] Level 1:colcon.colcon_core.package_identification:_identify(src/actuator_nodes) by extension 'ros'
[0.262s] DEBUG:colcon.colcon_core.package_identification:Package 'src/actuator_nodes' with type 'ros.ament_python' and name 'actuator_nodes'
[0.262s] Level 1:colcon.colcon_core.package_identification:_identify(src/computer_vision_nodes) by extensions ['ignore', 'ignore_ament_install']
[0.262s] Level 1:colcon.colcon_core.package_identification:_identify(src/computer_vision_nodes) by extension 'ignore'
[0.262s] Level 1:colcon.colcon_core.package_identification:_identify(src/computer_vision_nodes) by extension 'ignore_ament_install'
[0.263s] Level 1:colcon.colcon_core.package_identification:_identify(src/computer_vision_nodes) by extensions ['colcon_pkg']
[0.263s] Level 1:colcon.colcon_core.package_identification:_identify(src/computer_vision_nodes) by extension 'colcon_pkg'
[0.263s] Level 1:colcon.colcon_core.package_identification:_identify(src/computer_vision_nodes) by extensions ['colcon_meta']
[0.263s] Level 1:colcon.colcon_core.package_identification:_identify(src/computer_vision_nodes) by extension 'colcon_meta'
[0.263s] Level 1:colcon.colcon_core.package_identification:_identify(src/computer_vision_nodes) by extensions ['ros']
[0.263s] Level 1:colcon.colcon_core.package_identification:_identify(src/computer_vision_nodes) by extension 'ros'
[0.263s] DEBUG:colcon.colcon_core.package_identification:Package 'src/computer_vision_nodes' with type 'ros.ament_python' and name 'computer_vision_nodes'
[0.264s] Level 1:colcon.colcon_core.package_identification:_identify(src/localization_nodes) by extensions ['ignore', 'ignore_ament_install']
[0.264s] Level 1:colcon.colcon_core.package_identification:_identify(src/localization_nodes) by extension 'ignore'
[0.264s] Level 1:colcon.colcon_core.package_identification:_identify(src/localization_nodes) by extension 'ignore_ament_install'
[0.264s] Level 1:colcon.colcon_core.package_identification:_identify(src/localization_nodes) by extensions ['colcon_pkg']
[0.264s] Level 1:colcon.colcon_core.package_identification:_identify(src/localization_nodes) by extension 'colcon_pkg'
[0.264s] Level 1:colcon.colcon_core.package_identification:_identify(src/localization_nodes) by extensions ['colcon_meta']
[0.264s] Level 1:colcon.colcon_core.package_identification:_identify(src/localization_nodes) by extension 'colcon_meta'
[0.264s] Level 1:colcon.colcon_core.package_identification:_identify(src/localization_nodes) by extensions ['ros']
[0.264s] Level 1:colcon.colcon_core.package_identification:_identify(src/localization_nodes) by extension 'ros'
[0.265s] DEBUG:colcon.colcon_core.package_identification:Package 'src/localization_nodes' with type 'ros.ament_python' and name 'localization_nodes'
[0.265s] Level 1:colcon.colcon_core.package_discovery:discover_packages(recursive) using defaults
[0.265s] Level 1:colcon.colcon_core.package_discovery:discover_packages(ignore) discover
[0.265s] Level 1:colcon.colcon_core.package_discovery:discover_packages(ignore) using defaults
[0.265s] Level 1:colcon.colcon_core.package_discovery:discover_packages(path) discover
[0.265s] Level 1:colcon.colcon_core.package_discovery:discover_packages(path) using defaults
[0.289s] Level 1:colcon.colcon_core.package_discovery:discover_packages(prefix_path) check parameters
[0.289s] Level 1:colcon.colcon_core.package_discovery:discover_packages(prefix_path) discover
[0.291s] DEBUG:colcon.colcon_installed_package_information.package_discovery:Found 3 installed packages in /home/pipi/ros2_projects/workspaces/mobile_robot/mobile_robot_nodes/install
[0.293s] DEBUG:colcon.colcon_installed_package_information.package_discovery:Found 285 installed packages in /opt/ros/jazzy
[0.295s] Level 1:colcon.colcon_core.package_discovery:discover_packages(prefix_path) using defaults
[0.353s] Level 5:colcon.colcon_core.verb:set package 'actuator_nodes' build argument 'cmake_args' from command line to 'None'
[0.353s] Level 5:colcon.colcon_core.verb:set package 'actuator_nodes' build argument 'cmake_target' from command line to 'None'
[0.353s] Level 5:colcon.colcon_core.verb:set package 'actuator_nodes' build argument 'cmake_target_skip_unavailable' from command line to 'False'
[0.353s] Level 5:colcon.colcon_core.verb:set package 'actuator_nodes' build argument 'cmake_clean_cache' from command line to 'False'
[0.353s] Level 5:colcon.colcon_core.verb:set package 'actuator_nodes' build argument 'cmake_clean_first' from command line to 'False'
[0.353s] Level 5:colcon.colcon_core.verb:set package 'actuator_nodes' build argument 'cmake_force_configure' from command line to 'False'
[0.353s] Level 5:colcon.colcon_core.verb:set package 'actuator_nodes' build argument 'ament_cmake_args' from command line to 'None'
[0.353s] Level 5:colcon.colcon_core.verb:set package 'actuator_nodes' build argument 'catkin_cmake_args' from command line to 'None'
[0.353s] Level 5:colcon.colcon_core.verb:set package 'actuator_nodes' build argument 'catkin_skip_building_tests' from command line to 'False'
[0.353s] DEBUG:colcon.colcon_core.verb:Building package 'actuator_nodes' with the following arguments: {'ament_cmake_args': None, 'build_base': '/home/pipi/ros2_projects/workspaces/mobile_robot/mobile_robot_nodes/build/actuator_nodes', 'catkin_cmake_args': None, 'catkin_skip_building_tests': False, 'cmake_args': None, 'cmake_clean_cache': False, 'cmake_clean_first': False, 'cmake_force_configure': False, 'cmake_target': None, 'cmake_target_skip_unavailable': False, 'install_base': '/home/pipi/ros2_projects/workspaces/mobile_robot/mobile_robot_nodes/install/actuator_nodes', 'merge_install': False, 'path': '/home/pipi/ros2_projects/workspaces/mobile_robot/mobile_robot_nodes/src/actuator_nodes', 'symlink_install': True, 'test_result_base': None}
[0.354s] Level 5:colcon.colcon_core.verb:set package 'computer_vision_nodes' build argument 'cmake_args' from command line to 'None'
[0.354s] Level 5:colcon.colcon_core.verb:set package 'computer_vision_nodes' build argument 'cmake_target' from command line to 'None'
[0.354s] Level 5:colcon.colcon_core.verb:set package 'computer_vision_nodes' build argument 'cmake_target_skip_unavailable' from command line to 'False'
[0.354s] Level 5:colcon.colcon_core.verb:set package 'computer_vision_nodes' build argument 'cmake_clean_cache' from command line to 'False'
[0.354s] Level 5:colcon.colcon_core.verb:set package 'computer_vision_nodes' build argument 'cmake_clean_first' from command line to 'False'
[0.354s] Level 5:colcon.colcon_core.verb:set package 'computer_vision_nodes' build argument 'cmake_force_configure' from command line to 'False'
[0.354s] Level 5:colcon.colcon_core.verb:set package 'computer_vision_nodes' build argument 'ament_cmake_args' from command line to 'None'
[0.354s] Level 5:colcon.colcon_core.verb:set package 'computer_vision_nodes' build argument 'catkin_cmake_args' from command line to 'None'
[0.354s] Level 5:colcon.colcon_core.verb:set package 'computer_vision_nodes' build argument 'catkin_skip_building_tests' from command line to 'False'
[0.354s] DEBUG:colcon.colcon_core.verb:Building package 'computer_vision_nodes' with the following arguments: {'ament_cmake_args': None, 'build_base': '/home/pipi/ros2_projects/workspaces/mobile_robot/mobile_robot_nodes/build/computer_vision_nodes', 'catkin_cmake_args': None, 'catkin_skip_building_tests': False, 'cmake_args': None, 'cmake_clean_cache': False, 'cmake_clean_first': False, 'cmake_force_configure': False, 'cmake_target': None, 'cmake_target_skip_unavailable': False, 'install_base': '/home/pipi/ros2_projects/workspaces/mobile_robot/mobile_robot_nodes/install/computer_vision_nodes', 'merge_install': False, 'path': '/home/pipi/ros2_projects/workspaces/mobile_robot/mobile_robot_nodes/src/computer_vision_nodes', 'symlink_install': True, 'test_result_base': None}
[0.354s] Level 5:colcon.colcon_core.verb:set package 'localization_nodes' build argument 'cmake_args' from command line to 'None'
[0.354s] Level 5:colcon.colcon_core.verb:set package 'localization_nodes' build argument 'cmake_target' from command line to 'None'
[0.354s] Level 5:colcon.colcon_core.verb:set package 'localization_nodes' build argument 'cmake_target_skip_unavailable' from command line to 'False'
[0.354s] Level 5:colcon.colcon_core.verb:set package 'localization_nodes' build argument 'cmake_clean_cache' from command line to 'False'
[0.354s] Level 5:colcon.colcon_core.verb:set package 'localization_nodes' build argument 'cmake_clean_first' from command line to 'False'
[0.354s] Level 5:colcon.colcon_core.verb:set package 'localization_nodes' build argument 'cmake_force_configure' from command line to 'False'
[0.354s] Level 5:colcon.colcon_core.verb:set package 'localization_nodes' build argument 'ament_cmake_args' from command line to 'None'
[0.354s] Level 5:colcon.colcon_core.verb:set package 'localization_nodes' build argument 'catkin_cmake_args' from command line to 'None'
[0.354s] Level 5:colcon.colcon_core.verb:set package 'localization_nodes' build argument 'catkin_skip_building_tests' from command line to 'False'
[0.355s] DEBUG:colcon.colcon_core.verb:Building package 'localization_nodes' with the following arguments: {'ament_cmake_args': None, 'build_base': '/home/pipi/ros2_projects/workspaces/mobile_robot/mobile_robot_nodes/build/localization_nodes', 'catkin_cmake_args': None, 'catkin_skip_building_tests': False, 'cmake_args': None, 'cmake_clean_cache': False, 'cmake_clean_first': False, 'cmake_force_configure': False, 'cmake_target': None, 'cmake_target_skip_unavailable': False, 'install_base': '/home/pipi/ros2_projects/workspaces/mobile_robot/mobile_robot_nodes/install/localization_nodes', 'merge_install': False, 'path': '/home/pipi/ros2_projects/workspaces/mobile_robot/mobile_robot_nodes/src/localization_nodes', 'symlink_install': True, 'test_result_base': None}
[0.355s] INFO:colcon.colcon_core.executor:Executing jobs using 'parallel' executor
[0.356s] DEBUG:colcon.colcon_parallel_executor.executor.parallel:run_until_complete
[0.356s] INFO:colcon.colcon_ros.task.ament_python.build:Building ROS package in '/home/pipi/ros2_projects/workspaces/mobile_robot/mobile_robot_nodes/src/actuator_nodes' with build type 'ament_python'
[0.356s] Level 1:colcon.colcon_core.shell:create_environment_hook('actuator_nodes', 'ament_prefix_path')
[0.359s] INFO:colcon.colcon_core.plugin_system:Skipping extension 'colcon_core.shell.bat': Not used on non-Windows systems
[0.359s] INFO:colcon.colcon_core.shell:Creating environment hook '/home/pipi/ros2_projects/workspaces/mobile_robot/mobile_robot_nodes/install/actuator_nodes/share/actuator_nodes/hook/ament_prefix_path.ps1'
[0.360s] INFO:colcon.colcon_core.shell:Creating environment descriptor '/home/pipi/ros2_projects/workspaces/mobile_robot/mobile_robot_nodes/install/actuator_nodes/share/actuator_nodes/hook/ament_prefix_path.dsv'
[0.361s] INFO:colcon.colcon_core.shell:Creating environment hook '/home/pipi/ros2_projects/workspaces/mobile_robot/mobile_robot_nodes/install/actuator_nodes/share/actuator_nodes/hook/ament_prefix_path.sh'
[0.362s] INFO:colcon.colcon_core.shell:Skip shell extension 'powershell' for command environment: Not usable outside of PowerShell
[0.362s] DEBUG:colcon.colcon_core.shell:Skip shell extension 'dsv' for command environment
[0.367s] INFO:colcon.colcon_ros.task.ament_python.build:Building ROS package in '/home/pipi/ros2_projects/workspaces/mobile_robot/mobile_robot_nodes/src/computer_vision_nodes' with build type 'ament_python'
[0.367s] Level 1:colcon.colcon_core.shell:create_environment_hook('computer_vision_nodes', 'ament_prefix_path')
[0.368s] INFO:colcon.colcon_core.shell:Creating environment hook '/home/pipi/ros2_projects/workspaces/mobile_robot/mobile_robot_nodes/install/computer_vision_nodes/share/computer_vision_nodes/hook/ament_prefix_path.ps1'
[0.369s] INFO:colcon.colcon_core.shell:Creating environment descriptor '/home/pipi/ros2_projects/workspaces/mobile_robot/mobile_robot_nodes/install/computer_vision_nodes/share/computer_vision_nodes/hook/ament_prefix_path.dsv'
[0.369s] INFO:colcon.colcon_core.shell:Creating environment hook '/home/pipi/ros2_projects/workspaces/mobile_robot/mobile_robot_nodes/install/computer_vision_nodes/share/computer_vision_nodes/hook/ament_prefix_path.sh'
[0.370s] INFO:colcon.colcon_core.shell:Skip shell extension 'powershell' for command environment: Not usable outside of PowerShell
[0.370s] DEBUG:colcon.colcon_core.shell:Skip shell extension 'dsv' for command environment
[0.374s] INFO:colcon.colcon_ros.task.ament_python.build:Building ROS package in '/home/pipi/ros2_projects/workspaces/mobile_robot/mobile_robot_nodes/src/localization_nodes' with build type 'ament_python'
[0.375s] Level 1:colcon.colcon_core.shell:create_environment_hook('localization_nodes', 'ament_prefix_path')
[0.375s] INFO:colcon.colcon_core.shell:Creating environment hook '/home/pipi/ros2_projects/workspaces/mobile_robot/mobile_robot_nodes/install/localization_nodes/share/localization_nodes/hook/ament_prefix_path.ps1'
[0.377s] INFO:colcon.colcon_core.shell:Creating environment descriptor '/home/pipi/ros2_projects/workspaces/mobile_robot/mobile_robot_nodes/install/localization_nodes/share/localization_nodes/hook/ament_prefix_path.dsv'
[0.377s] INFO:colcon.colcon_core.shell:Creating environment hook '/home/pipi/ros2_projects/workspaces/mobile_robot/mobile_robot_nodes/install/localization_nodes/share/localization_nodes/hook/ament_prefix_path.sh'
[0.378s] INFO:colcon.colcon_core.shell:Skip shell extension 'powershell' for command environment: Not usable outside of PowerShell
[0.378s] DEBUG:colcon.colcon_core.shell:Skip shell extension 'dsv' for command environment
[1.028s] INFO:colcon.colcon_core.task.python.build:Building Python package in '/home/pipi/ros2_projects/workspaces/mobile_robot/mobile_robot_nodes/src/computer_vision_nodes'
[1.029s] INFO:colcon.colcon_core.shell:Skip shell extension 'powershell' for command environment: Not usable outside of PowerShell
[1.029s] DEBUG:colcon.colcon_core.shell:Skip shell extension 'dsv' for command environment
[1.044s] DEBUG:colcon.colcon_parallel_executor.executor.parallel:closing loop
[1.044s] DEBUG:colcon.colcon_parallel_executor.executor.parallel:loop closed
[1.044s] DEBUG:colcon.colcon_parallel_executor.executor.parallel:run_until_complete finished with 'expected str, bytes or os.PathLike object, not list'
[1.044s] DEBUG:colcon.colcon_core.event_reactor:joining thread
[1.053s] INFO:colcon.colcon_core.plugin_system:Skipping extension 'colcon_notification.desktop_notification.terminal_notifier': Not used on non-Darwin systems
[1.053s] INFO:colcon.colcon_core.plugin_system:Skipping extension 'colcon_notification.desktop_notification.win32': Not used on non-Windows systems
[1.053s] INFO:colcon.colcon_notification.desktop_notification:Sending desktop notification using 'notify2'
[1.055s] DEBUG:colcon.colcon_notification.desktop_notification.notify2:Failed to initialize notify2: org.freedesktop.DBus.Error.ServiceUnknown: The name org.freedesktop.Notifications was not provided by any .service files
[1.055s] DEBUG:colcon.colcon_core.event_reactor:joined thread
[1.055s] INFO:colcon.colcon_core.shell:Creating prefix script '/home/pipi/ros2_projects/workspaces/mobile_robot/mobile_robot_nodes/install/local_setup.ps1'
[1.057s] INFO:colcon.colcon_core.shell:Creating prefix util module '/home/pipi/ros2_projects/workspaces/mobile_robot/mobile_robot_nodes/install/_local_setup_util_ps1.py'
[1.058s] INFO:colcon.colcon_core.shell:Creating prefix chain script '/home/pipi/ros2_projects/workspaces/mobile_robot/mobile_robot_nodes/install/setup.ps1'
[1.060s] INFO:colcon.colcon_core.shell:Creating prefix script '/home/pipi/ros2_projects/workspaces/mobile_robot/mobile_robot_nodes/install/local_setup.sh'
[1.061s] INFO:colcon.colcon_core.shell:Creating prefix util module '/home/pipi/ros2_projects/workspaces/mobile_robot/mobile_robot_nodes/install/_local_setup_util_sh.py'
[1.061s] INFO:colcon.colcon_core.shell:Creating prefix chain script '/home/pipi/ros2_projects/workspaces/mobile_robot/mobile_robot_nodes/install/setup.sh'
[1.063s] INFO:colcon.colcon_core.shell:Creating prefix script '/home/pipi/ros2_projects/workspaces/mobile_robot/mobile_robot_nodes/install/local_setup.bash'
[1.064s] INFO:colcon.colcon_core.shell:Creating prefix chain script '/home/pipi/ros2_projects/workspaces/mobile_robot/mobile_robot_nodes/install/setup.bash'
[1.065s] INFO:colcon.colcon_core.shell:Creating prefix script '/home/pipi/ros2_projects/workspaces/mobile_robot/mobile_robot_nodes/install/local_setup.zsh'
[1.066s] INFO:colcon.colcon_core.shell:Creating prefix chain script '/home/pipi/ros2_projects/workspaces/mobile_robot/mobile_robot_nodes/install/setup.zsh'
