running develop
running egg_info
writing robot_control.egg-info/PKG-INFO
writing dependency_links to robot_control.egg-info/dependency_links.txt
writing entry points to robot_control.egg-info/entry_points.txt
writing requirements to robot_control.egg-info/requires.txt
writing top-level names to robot_control.egg-info/top_level.txt
reading manifest file 'robot_control.egg-info/SOURCES.txt'
writing manifest file 'robot_control.egg-info/SOURCES.txt'
running build_ext
Creating /home/bluelobster/ros2_projects/workspaces/MQP2025-educational-mobile-robot/computer_nodes/install/robot_control/lib/python3.12/site-packages/robot-control.egg-link (link to .)
Installing chassis_control script to /home/bluelobster/ros2_projects/workspaces/MQP2025-educational-mobile-robot/computer_nodes/install/robot_control/lib/robot_control
Installing gimbal_control script to /home/bluelobster/ros2_projects/workspaces/MQP2025-educational-mobile-robot/computer_nodes/install/robot_control/lib/robot_control
Installing imu_processing script to /home/bluelobster/ros2_projects/workspaces/MQP2025-educational-mobile-robot/computer_nodes/install/robot_control/lib/robot_control
Installing imu_test_plot script to /home/bluelobster/ros2_projects/workspaces/MQP2025-educational-mobile-robot/computer_nodes/install/robot_control/lib/robot_control
Installing odometry_generator script to /home/bluelobster/ros2_projects/workspaces/MQP2025-educational-mobile-robot/computer_nodes/install/robot_control/lib/robot_control

Installed /home/bluelobster/ros2_projects/workspaces/MQP2025-educational-mobile-robot/computer_nodes/build/robot_control
running symlink_data
symbolically linking /home/bluelobster/ros2_projects/workspaces/MQP2025-educational-mobile-robot/computer_nodes/build/robot_control/resource/robot_control -> /home/bluelobster/ros2_projects/workspaces/MQP2025-educational-mobile-robot/computer_nodes/install/robot_control/share/ament_index/resource_index/packages
symbolically linking /home/bluelobster/ros2_projects/workspaces/MQP2025-educational-mobile-robot/computer_nodes/build/robot_control/package.xml -> /home/bluelobster/ros2_projects/workspaces/MQP2025-educational-mobile-robot/computer_nodes/install/robot_control/share/robot_control
creating /home/bluelobster/ros2_projects/workspaces/MQP2025-educational-mobile-robot/computer_nodes/install/robot_control/share/robot_control/launch
error: [Errno 2] No such file or directory: '/home/bluelobster/ros2_projects/workspaces/MQP2025-educational-mobile-robot/computer_nodes/install/robot_control/share/robot_control/launch/launch_control.py'
