[2.270s] Invoking command in '/home/pipi/ros2_projects/workspaces/mobile_robot/mobile_robot_nodes/build/localization_nodes': DEBUGINFOD_URLS=https://debuginfod.ubuntu.com PYTHONPATH=/home/pipi/ros2_projects/workspaces/mobile_robot/mobile_robot_nodes/build/localization_nodes/prefix_override:/usr/lib/python3/dist-packages/colcon_core/task/python/colcon_distutils_commands:/home/pipi/ros2_projects/workspaces/mobile_robot/mobile_robot_nodes/install/localization_nodes/lib/python3.12/site-packages:${PYTHONPATH} /usr/bin/python3 -W ignore:setup.py install is deprecated -W ignore:easy_install command is deprecated setup.py develop --editable --build-directory /home/pipi/ros2_projects/workspaces/mobile_robot/mobile_robot_nodes/build/localization_nodes/build --no-deps symlink_data
[2.790s] running develop
[3.069s] running egg_info
[3.070s] creating localization_nodes.egg-info
[3.102s] writing localization_nodes.egg-info/PKG-INFO
[3.105s] writing dependency_links to localization_nodes.egg-info/dependency_links.txt
[3.105s] writing requirements to localization_nodes.egg-info/requires.txt
[3.106s] writing top-level names to localization_nodes.egg-info/top_level.txt
[3.109s] writing manifest file 'localization_nodes.egg-info/SOURCES.txt'
[3.165s] reading manifest file 'localization_nodes.egg-info/SOURCES.txt'
[3.167s] writing manifest file 'localization_nodes.egg-info/SOURCES.txt'
[3.213s] running build_ext
[3.221s] Creating /home/pipi/ros2_projects/workspaces/mobile_robot/mobile_robot_nodes/install/localization_nodes/lib/python3.12/site-packages/localization-nodes.egg-link (link to .)
[3.221s] 
[3.221s] Installed /home/pipi/ros2_projects/workspaces/mobile_robot/mobile_robot_nodes/build/localization_nodes
[3.222s] running symlink_data
[3.222s] creating /home/pipi/ros2_projects/workspaces/mobile_robot/mobile_robot_nodes/install/localization_nodes/share/ament_index
[3.222s] creating /home/pipi/ros2_projects/workspaces/mobile_robot/mobile_robot_nodes/install/localization_nodes/share/ament_index/resource_index
[3.222s] creating /home/pipi/ros2_projects/workspaces/mobile_robot/mobile_robot_nodes/install/localization_nodes/share/ament_index/resource_index/packages
[3.223s] symbolically linking /home/pipi/ros2_projects/workspaces/mobile_robot/mobile_robot_nodes/build/localization_nodes/resource/localization_nodes -> /home/pipi/ros2_projects/workspaces/mobile_robot/mobile_robot_nodes/install/localization_nodes/share/ament_index/resource_index/packages
[3.223s] symbolically linking /home/pipi/ros2_projects/workspaces/mobile_robot/mobile_robot_nodes/build/localization_nodes/package.xml -> /home/pipi/ros2_projects/workspaces/mobile_robot/mobile_robot_nodes/install/localization_nodes/share/localization_nodes
[3.361s] Invoked command in '/home/pipi/ros2_projects/workspaces/mobile_robot/mobile_robot_nodes/build/localization_nodes' returned '0': DEBUGINFOD_URLS=https://debuginfod.ubuntu.com PYTHONPATH=/home/pipi/ros2_projects/workspaces/mobile_robot/mobile_robot_nodes/build/localization_nodes/prefix_override:/usr/lib/python3/dist-packages/colcon_core/task/python/colcon_distutils_commands:/home/pipi/ros2_projects/workspaces/mobile_robot/mobile_robot_nodes/install/localization_nodes/lib/python3.12/site-packages:${PYTHONPATH} /usr/bin/python3 -W ignore:setup.py install is deprecated -W ignore:easy_install command is deprecated setup.py develop --editable --build-directory /home/pipi/ros2_projects/workspaces/mobile_robot/mobile_robot_nodes/build/localization_nodes/build --no-deps symlink_data
