[2.273s] Invoking command in '/home/pipi/ros2_projects/workspaces/mobile_robot/mobile_robot_nodes/build/computer_vision_nodes': DEBUGINFOD_URLS=https://debuginfod.ubuntu.com PYTHONPATH=/home/pipi/ros2_projects/workspaces/mobile_robot/mobile_robot_nodes/build/computer_vision_nodes/prefix_override:/usr/lib/python3/dist-packages/colcon_core/task/python/colcon_distutils_commands:/home/pipi/ros2_projects/workspaces/mobile_robot/mobile_robot_nodes/install/computer_vision_nodes/lib/python3.12/site-packages:${PYTHONPATH} /usr/bin/python3 -W ignore:setup.py install is deprecated -W ignore:easy_install command is deprecated setup.py develop --editable --build-directory /home/pipi/ros2_projects/workspaces/mobile_robot/mobile_robot_nodes/build/computer_vision_nodes/build --no-deps symlink_data
[2.762s] running develop
[3.061s] running egg_info
[3.064s] creating computer_vision_nodes.egg-info
[3.095s] writing computer_vision_nodes.egg-info/PKG-INFO
[3.095s] writing dependency_links to computer_vision_nodes.egg-info/dependency_links.txt
[3.096s] writing requirements to computer_vision_nodes.egg-info/requires.txt
[3.096s] writing top-level names to computer_vision_nodes.egg-info/top_level.txt
[3.096s] writing manifest file 'computer_vision_nodes.egg-info/SOURCES.txt'
[3.154s] reading manifest file 'computer_vision_nodes.egg-info/SOURCES.txt'
[3.155s] writing manifest file 'computer_vision_nodes.egg-info/SOURCES.txt'
[3.190s] running build_ext
[3.190s] Creating /home/pipi/ros2_projects/workspaces/mobile_robot/mobile_robot_nodes/install/computer_vision_nodes/lib/python3.12/site-packages/computer-vision-nodes.egg-link (link to .)
[3.191s] 
[3.191s] Installed /home/pipi/ros2_projects/workspaces/mobile_robot/mobile_robot_nodes/build/computer_vision_nodes
[3.191s] running symlink_data
[3.191s] creating /home/pipi/ros2_projects/workspaces/mobile_robot/mobile_robot_nodes/install/computer_vision_nodes/share/ament_index
[3.193s] creating /home/pipi/ros2_projects/workspaces/mobile_robot/mobile_robot_nodes/install/computer_vision_nodes/share/ament_index/resource_index
[3.193s] creating /home/pipi/ros2_projects/workspaces/mobile_robot/mobile_robot_nodes/install/computer_vision_nodes/share/ament_index/resource_index/packages
[3.193s] symbolically linking /home/pipi/ros2_projects/workspaces/mobile_robot/mobile_robot_nodes/build/computer_vision_nodes/resource/computer_vision_nodes -> /home/pipi/ros2_projects/workspaces/mobile_robot/mobile_robot_nodes/install/computer_vision_nodes/share/ament_index/resource_index/packages
[3.195s] symbolically linking /home/pipi/ros2_projects/workspaces/mobile_robot/mobile_robot_nodes/build/computer_vision_nodes/package.xml -> /home/pipi/ros2_projects/workspaces/mobile_robot/mobile_robot_nodes/install/computer_vision_nodes/share/computer_vision_nodes
[3.357s] Invoked command in '/home/pipi/ros2_projects/workspaces/mobile_robot/mobile_robot_nodes/build/computer_vision_nodes' returned '0': DEBUGINFOD_URLS=https://debuginfod.ubuntu.com PYTHONPATH=/home/pipi/ros2_projects/workspaces/mobile_robot/mobile_robot_nodes/build/computer_vision_nodes/prefix_override:/usr/lib/python3/dist-packages/colcon_core/task/python/colcon_distutils_commands:/home/pipi/ros2_projects/workspaces/mobile_robot/mobile_robot_nodes/install/computer_vision_nodes/lib/python3.12/site-packages:${PYTHONPATH} /usr/bin/python3 -W ignore:setup.py install is deprecated -W ignore:easy_install command is deprecated setup.py develop --editable --build-directory /home/pipi/ros2_projects/workspaces/mobile_robot/mobile_robot_nodes/build/computer_vision_nodes/build --no-deps symlink_data
